2023-06-15 18:12:31,818 [MainThread  ] [INFO ]  Starting main function
2023-06-15 18:12:31,818 [MainThread  ] [INFO ]  Parameters:
2023-06-15 18:12:31,819 [MainThread  ] [INFO ]   SoccerNet_path : ../../Data/
2023-06-15 18:12:31,819 [MainThread  ] [INFO ]         features : ResNET_TF2_PCA512.npy
2023-06-15 18:12:31,819 [MainThread  ] [INFO ]       max_epochs : 1000
2023-06-15 18:12:31,819 [MainThread  ] [INFO ]     load_weights : None
2023-06-15 18:12:31,819 [MainThread  ] [INFO ]       model_name : TCA_T5_K2
2023-06-15 18:12:31,819 [MainThread  ] [INFO ]        test_only : False
2023-06-15 18:12:31,819 [MainThread  ] [INFO ]      split_train : ['train']
2023-06-15 18:12:31,819 [MainThread  ] [INFO ]      split_valid : ['valid']
2023-06-15 18:12:31,819 [MainThread  ] [INFO ]       split_test : ['test']
2023-06-15 18:12:31,819 [MainThread  ] [INFO ]          version : 2
2023-06-15 18:12:31,820 [MainThread  ] [INFO ]      feature_dim : None
2023-06-15 18:12:31,820 [MainThread  ] [INFO ]  evaluation_frequency : 10
2023-06-15 18:12:31,820 [MainThread  ] [INFO ]        framerate : 2
2023-06-15 18:12:31,820 [MainThread  ] [INFO ]      window_size : 5
2023-06-15 18:12:31,820 [MainThread  ] [INFO ]             pool : TCA
2023-06-15 18:12:31,820 [MainThread  ] [INFO ]     vlad_cluster : 2
2023-06-15 18:12:31,820 [MainThread  ] [INFO ]       NMS_window : 30
2023-06-15 18:12:31,820 [MainThread  ] [INFO ]    NMS_threshold : 0.0
2023-06-15 18:12:31,820 [MainThread  ] [INFO ]       batch_size : 256
2023-06-15 18:12:31,820 [MainThread  ] [INFO ]               LR : 0.001
2023-06-15 18:12:31,821 [MainThread  ] [INFO ]              LRe : 1e-06
2023-06-15 18:12:31,821 [MainThread  ] [INFO ]         patience : 10
2023-06-15 18:12:31,821 [MainThread  ] [INFO ]              GPU : 3
2023-06-15 18:12:31,821 [MainThread  ] [INFO ]   max_num_worker : 4
2023-06-15 18:12:31,821 [MainThread  ] [INFO ]             seed : 0
2023-06-15 18:12:31,821 [MainThread  ] [INFO ]         loglevel : INFO
2023-06-15 18:12:31,823 [MainThread  ] [INFO ]  Checking/Download features and labels locally
2023-06-15 18:12:32,424 [MainThread  ] [INFO ]  Pre-compute clips
2023-06-15 18:12:46,811 [MainThread  ] [INFO ]  Checking/Download features and labels locally
2023-06-15 18:12:46,985 [MainThread  ] [INFO ]  Pre-compute clips
2023-06-15 18:12:50,830 [MainThread  ] [INFO ]  Checking/Download features and labels locally
2023-06-15 18:12:51,001 [MainThread  ] [INFO ]  Pre-compute clips
2023-06-15 18:12:55,201 [MainThread  ] [INFO ]  Checking/Download features and labels locally
2023-06-15 18:12:58,592 [MainThread  ] [INFO ]  Model(
  (pool_layer_before): NetVLAD()
  (pool_layer_after): NetVLAD()
  (fc): Linear(in_features=1024, out_features=18, bias=True)
  (drop): Dropout(p=0.4, inplace=False)
  (sigm): Sigmoid()
)
2023-06-15 18:12:58,592 [MainThread  ] [INFO ]  Total number of parameters: 20498
2023-06-15 18:12:58,593 [MainThread  ] [INFO ]  start training
2023-06-15 18:15:13,174 [MainThread  ] [INFO ]  Validation performance at epoch 11 -> 0.13539292564352265
2023-06-15 18:17:13,442 [MainThread  ] [INFO ]  Validation performance at epoch 21 -> 0.15403210609787243
2023-06-15 18:19:14,530 [MainThread  ] [INFO ]  Validation performance at epoch 31 -> 0.16447730543859418
2023-06-15 18:21:15,566 [MainThread  ] [INFO ]  Validation performance at epoch 41 -> 0.17065038679983283
2023-06-15 18:23:16,111 [MainThread  ] [INFO ]  Validation performance at epoch 51 -> 0.1761952224042878
2023-06-15 18:25:17,811 [MainThread  ] [INFO ]  Validation performance at epoch 61 -> 0.17937682292295604
2023-06-15 18:27:18,283 [MainThread  ] [INFO ]  Validation performance at epoch 71 -> 0.1830594378876053
2023-06-15 18:29:19,834 [MainThread  ] [INFO ]  Validation performance at epoch 81 -> 0.1852607843079163
2023-06-15 18:31:05,725 [MainThread  ] [INFO ]  Plateau Reached!
2023-06-15 18:31:20,864 [MainThread  ] [INFO ]  Validation performance at epoch 91 -> 0.18793272591799698
2023-06-15 18:33:25,146 [MainThread  ] [INFO ]  Validation performance at epoch 101 -> 0.1891836236405042
2023-06-15 18:34:38,622 [MainThread  ] [INFO ]  Plateau Reached!
2023-06-15 18:35:31,134 [MainThread  ] [INFO ]  Validation performance at epoch 111 -> 0.18927815427954053
2023-06-15 18:36:56,488 [MainThread  ] [INFO ]  Plateau Reached!
2023-06-15 18:37:36,085 [MainThread  ] [INFO ]  Validation performance at epoch 121 -> 0.1893583605754699
2023-06-15 18:39:13,807 [MainThread  ] [INFO ]  Plateau Reached!
2023-06-15 18:39:40,675 [MainThread  ] [INFO ]  Validation performance at epoch 131 -> 0.1893403496101037
2023-06-15 18:41:30,334 [MainThread  ] [INFO ]  Plateau Reached!
2023-06-15 18:41:45,933 [MainThread  ] [INFO ]  Validation performance at epoch 141 -> 0.18933732647011953
