2023-06-28 09:52:45,000 [MainThread  ] [INFO ]  Starting main function
2023-06-28 09:52:45,000 [MainThread  ] [INFO ]  Parameters:
2023-06-28 09:52:45,000 [MainThread  ] [INFO ]   SoccerNet_path : ../../Data/
2023-06-28 09:52:45,000 [MainThread  ] [INFO ]         features : ResNET_TF2_PCA512.npy
2023-06-28 09:52:45,000 [MainThread  ] [INFO ]       max_epochs : 500
2023-06-28 09:52:45,000 [MainThread  ] [INFO ]     load_weights : None
2023-06-28 09:52:45,001 [MainThread  ] [INFO ]       model_name : TCA_t30_th0.3
2023-06-28 09:52:45,001 [MainThread  ] [INFO ]        test_only : False
2023-06-28 09:52:45,001 [MainThread  ] [INFO ]      split_train : ['train']
2023-06-28 09:52:45,001 [MainThread  ] [INFO ]      split_valid : ['valid']
2023-06-28 09:52:45,001 [MainThread  ] [INFO ]       split_test : ['test']
2023-06-28 09:52:45,001 [MainThread  ] [INFO ]          version : 2
2023-06-28 09:52:45,001 [MainThread  ] [INFO ]      feature_dim : None
2023-06-28 09:52:45,001 [MainThread  ] [INFO ]  evaluation_frequency : 10
2023-06-28 09:52:45,001 [MainThread  ] [INFO ]        framerate : 2
2023-06-28 09:52:45,001 [MainThread  ] [INFO ]      window_size : 20
2023-06-28 09:52:45,002 [MainThread  ] [INFO ]             pool : TCA
2023-06-28 09:52:45,002 [MainThread  ] [INFO ]     vlad_cluster : 64
2023-06-28 09:52:45,002 [MainThread  ] [INFO ]       NMS_window : 30
2023-06-28 09:52:45,002 [MainThread  ] [INFO ]    NMS_threshold : 0.3
2023-06-28 09:52:45,002 [MainThread  ] [INFO ]       batch_size : 256
2023-06-28 09:52:45,002 [MainThread  ] [INFO ]               LR : 0.001
2023-06-28 09:52:45,002 [MainThread  ] [INFO ]              LRe : 1e-06
2023-06-28 09:52:45,002 [MainThread  ] [INFO ]         patience : 10
2023-06-28 09:52:45,002 [MainThread  ] [INFO ]              GPU : 3
2023-06-28 09:52:45,003 [MainThread  ] [INFO ]   max_num_worker : 4
2023-06-28 09:52:45,003 [MainThread  ] [INFO ]             seed : 0
2023-06-28 09:52:45,003 [MainThread  ] [INFO ]         loglevel : INFO
2023-06-28 09:52:45,005 [MainThread  ] [INFO ]  Checking/Download features and labels locally
2023-06-28 09:52:46,032 [MainThread  ] [INFO ]  Pre-compute clips
2023-06-28 09:53:49,927 [MainThread  ] [INFO ]  Checking/Download features and labels locally
2023-06-28 09:53:50,227 [MainThread  ] [INFO ]  Pre-compute clips
2023-06-28 09:54:30,361 [MainThread  ] [INFO ]  Checking/Download features and labels locally
2023-06-28 09:54:30,622 [MainThread  ] [INFO ]  Pre-compute clips
2023-06-28 09:54:44,609 [MainThread  ] [INFO ]  Checking/Download features and labels locally
2023-06-28 09:54:51,764 [MainThread  ] [INFO ]  Model(
  (pool_layer_before): NetVLAD()
  (pool_layer_after): NetVLAD()
  (fc): Linear(in_features=32768, out_features=18, bias=True)
  (drop): Dropout(p=0.4, inplace=False)
  (sigm): Sigmoid()
)
2023-06-28 09:54:51,765 [MainThread  ] [INFO ]  Total number of parameters: 655378
2023-06-28 09:54:51,766 [MainThread  ] [INFO ]  start training
2023-06-28 09:58:11,974 [MainThread  ] [INFO ]  Validation performance at epoch 11 -> 0.3335255974443864
2023-06-28 10:01:16,353 [MainThread  ] [INFO ]  Validation performance at epoch 21 -> 0.3785044834444045
