2023-06-16 10:42:41,613 [MainThread  ] [INFO ]  Starting main function
2023-06-16 10:42:41,613 [MainThread  ] [INFO ]  Parameters:
2023-06-16 10:42:41,613 [MainThread  ] [INFO ]   SoccerNet_path : ../../Data/
2023-06-16 10:42:41,613 [MainThread  ] [INFO ]         features : ResNET_TF2_PCA512.npy
2023-06-16 10:42:41,613 [MainThread  ] [INFO ]       max_epochs : 500
2023-06-16 10:42:41,613 [MainThread  ] [INFO ]     load_weights : None
2023-06-16 10:42:41,613 [MainThread  ] [INFO ]       model_name : TCA_T45_K256
2023-06-16 10:42:41,613 [MainThread  ] [INFO ]        test_only : False
2023-06-16 10:42:41,613 [MainThread  ] [INFO ]      split_train : ['train']
2023-06-16 10:42:41,613 [MainThread  ] [INFO ]      split_valid : ['valid']
2023-06-16 10:42:41,614 [MainThread  ] [INFO ]       split_test : ['test']
2023-06-16 10:42:41,614 [MainThread  ] [INFO ]          version : 2
2023-06-16 10:42:41,614 [MainThread  ] [INFO ]      feature_dim : None
2023-06-16 10:42:41,614 [MainThread  ] [INFO ]  evaluation_frequency : 10
2023-06-16 10:42:41,614 [MainThread  ] [INFO ]        framerate : 2
2023-06-16 10:42:41,614 [MainThread  ] [INFO ]      window_size : 45
2023-06-16 10:42:41,614 [MainThread  ] [INFO ]             pool : TCA
2023-06-16 10:42:41,614 [MainThread  ] [INFO ]     vlad_cluster : 256
2023-06-16 10:42:41,614 [MainThread  ] [INFO ]       NMS_window : 30
2023-06-16 10:42:41,614 [MainThread  ] [INFO ]    NMS_threshold : 0.0
2023-06-16 10:42:41,614 [MainThread  ] [INFO ]       batch_size : 256
2023-06-16 10:42:41,614 [MainThread  ] [INFO ]               LR : 0.001
2023-06-16 10:42:41,614 [MainThread  ] [INFO ]              LRe : 1e-06
2023-06-16 10:42:41,614 [MainThread  ] [INFO ]         patience : 10
2023-06-16 10:42:41,615 [MainThread  ] [INFO ]              GPU : 3
2023-06-16 10:42:41,615 [MainThread  ] [INFO ]   max_num_worker : 4
2023-06-16 10:42:41,615 [MainThread  ] [INFO ]             seed : 0
2023-06-16 10:42:41,615 [MainThread  ] [INFO ]         loglevel : INFO
2023-06-16 10:42:41,616 [MainThread  ] [INFO ]  Checking/Download features and labels locally
2023-06-16 10:42:42,133 [MainThread  ] [INFO ]  Pre-compute clips
2023-06-16 10:42:56,143 [MainThread  ] [INFO ]  Checking/Download features and labels locally
2023-06-16 10:42:56,306 [MainThread  ] [INFO ]  Pre-compute clips
2023-06-16 10:42:59,118 [MainThread  ] [INFO ]  Checking/Download features and labels locally
2023-06-16 10:42:59,286 [MainThread  ] [INFO ]  Pre-compute clips
2023-06-16 10:43:01,582 [MainThread  ] [INFO ]  Checking/Download features and labels locally
2023-06-16 10:43:05,026 [MainThread  ] [INFO ]  Model(
  (pool_layer_before): NetVLAD()
  (pool_layer_after): NetVLAD()
  (fc): Linear(in_features=131072, out_features=18, bias=True)
  (drop): Dropout(p=0.4, inplace=False)
  (sigm): Sigmoid()
)
2023-06-16 10:43:05,027 [MainThread  ] [INFO ]  Total number of parameters: 2621458
2023-06-16 10:43:05,028 [MainThread  ] [INFO ]  start training
2023-06-16 10:44:17,697 [MainThread  ] [INFO ]  Validation performance at epoch 11 -> 0.39715930440147895
2023-06-16 10:45:19,294 [MainThread  ] [INFO ]  Validation performance at epoch 21 -> 0.438357024767182
2023-06-16 10:46:20,365 [MainThread  ] [INFO ]  Validation performance at epoch 31 -> 0.4605602333480061
2023-06-16 10:47:21,856 [MainThread  ] [INFO ]  Validation performance at epoch 41 -> 0.4759930278453703
2023-06-16 10:48:21,452 [MainThread  ] [INFO ]  Validation performance at epoch 51 -> 0.48700890573423133
2023-06-16 10:49:20,509 [MainThread  ] [INFO ]  Validation performance at epoch 61 -> 0.497161190146731
2023-06-16 10:50:02,538 [MainThread  ] [INFO ]  Plateau Reached!
2023-06-16 10:50:21,231 [MainThread  ] [INFO ]  Validation performance at epoch 71 -> 0.5004920832101516
2023-06-16 10:51:15,021 [MainThread  ] [INFO ]  Plateau Reached!
2023-06-16 10:51:22,485 [MainThread  ] [INFO ]  Validation performance at epoch 81 -> 0.5007078563523599
2023-06-16 10:52:23,982 [MainThread  ] [INFO ]  Validation performance at epoch 91 -> 0.5007010629026627
2023-06-16 10:52:23,982 [MainThread  ] [INFO ]  Plateau Reached!
2023-06-16 10:53:23,950 [MainThread  ] [INFO ]  Validation performance at epoch 101 -> 0.5006914219672151
2023-06-16 10:53:29,629 [MainThread  ] [INFO ]  Plateau Reached!
2023-06-16 10:54:23,946 [MainThread  ] [INFO ]  Validation performance at epoch 111 -> 0.5006931548695106
2023-06-16 10:54:35,231 [MainThread  ] [INFO ]  Plateau Reached!
2023-06-16 10:55:25,042 [MainThread  ] [INFO ]  Validation performance at epoch 121 -> 0.5006925042773908
2023-06-16 10:55:36,647 [MainThread  ] [INFO ]  Plateau Reached and no more reduction -> Exiting Loop
2023-06-16 10:55:36,696 [MainThread  ] [INFO ]  Checking/Download features and labels locally
2023-06-16 11:00:39,230 [MainThread  ] [INFO ]  Best Performance at end of training 
2023-06-16 11:00:39,230 [MainThread  ] [INFO ]  a_mAP visibility all: 0.37263193822399915
2023-06-16 11:00:39,230 [MainThread  ] [INFO ]  a_mAP visibility all per class: [0.4307088397182505, 0.4555680532097204, 0.5020631551077721, 0.5021261645268065, 0.2950667476131947, 0.3095511806246672, 0.29814128053210787, 0.40211763333536776, 0.5154760882454323, 0.4710592640825466, 0.4274419214638112, 0.36550141175612744, 0.4014345452207536, 0.5137785988200378, 0.39808503855624994, 0.03441324297551559, 0.012209784019623844]
2023-06-16 11:00:39,230 [MainThread  ] [INFO ]  a_mAP visibility visible: 0.40069172293018696
2023-06-16 11:00:39,231 [MainThread  ] [INFO ]  a_mAP visibility visible per class: [0.48203819718014407, 0.45222225311297143, 0.5072907501528796, 0.539741463807512, 0.31180441720787005, 0.31075145369770174, 0.30060047425213826, 0.4441984639224053, 0.52200168667374, 0.4885002850281739, 0.4284283949924412, 0.35219888092664886, 0.44773204139781236, 0.5188642671768153, 0.4200780939086694, 0.1972256178033552, 0.08808254857189833]
2023-06-16 11:00:39,231 [MainThread  ] [INFO ]  a_mAP visibility unshown: 0.2836404972080018
2023-06-16 11:00:39,231 [MainThread  ] [INFO ]  a_mAP visibility unshown per class: [0.0, 0.4653909250769356, 0.0, 0.29586667032478114, 0.19465731345480633, 0.008756530825496343, 0.009117453197371837, 0.3642383697920977, 0.4875508223753782, 0.444336485336192, 0.41226158826324383, 0.3760308424570132, 0.024076754902603192, 0.4946713967495557, 0.11037131094854899, 0.0, 0.0]
2023-06-16 11:00:39,231 [MainThread  ] [INFO ]  Total Execution Time is 1077.618525505066 seconds
