2023-06-28 10:27:17,856 [MainThread  ] [INFO ]  Starting main function
2023-06-28 10:27:17,856 [MainThread  ] [INFO ]  Parameters:
2023-06-28 10:27:17,856 [MainThread  ] [INFO ]   SoccerNet_path : ../../Data/
2023-06-28 10:27:17,856 [MainThread  ] [INFO ]         features : ResNET_TF2_PCA512.npy
2023-06-28 10:27:17,856 [MainThread  ] [INFO ]       max_epochs : 500
2023-06-28 10:27:17,856 [MainThread  ] [INFO ]     load_weights : None
2023-06-28 10:27:17,857 [MainThread  ] [INFO ]       model_name : TCA_t40_th0.0
2023-06-28 10:27:17,857 [MainThread  ] [INFO ]        test_only : False
2023-06-28 10:27:17,857 [MainThread  ] [INFO ]      split_train : ['train']
2023-06-28 10:27:17,857 [MainThread  ] [INFO ]      split_valid : ['valid']
2023-06-28 10:27:17,857 [MainThread  ] [INFO ]       split_test : ['test']
2023-06-28 10:27:17,857 [MainThread  ] [INFO ]          version : 2
2023-06-28 10:27:17,857 [MainThread  ] [INFO ]      feature_dim : None
2023-06-28 10:27:17,857 [MainThread  ] [INFO ]  evaluation_frequency : 10
2023-06-28 10:27:17,857 [MainThread  ] [INFO ]        framerate : 2
2023-06-28 10:27:17,857 [MainThread  ] [INFO ]      window_size : 20
2023-06-28 10:27:17,858 [MainThread  ] [INFO ]             pool : TCA
2023-06-28 10:27:17,858 [MainThread  ] [INFO ]     vlad_cluster : 64
2023-06-28 10:27:17,858 [MainThread  ] [INFO ]       NMS_window : 40
2023-06-28 10:27:17,858 [MainThread  ] [INFO ]    NMS_threshold : 0.0
2023-06-28 10:27:17,858 [MainThread  ] [INFO ]       batch_size : 256
2023-06-28 10:27:17,858 [MainThread  ] [INFO ]               LR : 0.001
2023-06-28 10:27:17,859 [MainThread  ] [INFO ]              LRe : 1e-06
2023-06-28 10:27:17,859 [MainThread  ] [INFO ]         patience : 10
2023-06-28 10:27:17,859 [MainThread  ] [INFO ]              GPU : 3
2023-06-28 10:27:17,859 [MainThread  ] [INFO ]   max_num_worker : 4
2023-06-28 10:27:17,859 [MainThread  ] [INFO ]             seed : 0
2023-06-28 10:27:17,859 [MainThread  ] [INFO ]         loglevel : INFO
2023-06-28 10:27:17,862 [MainThread  ] [INFO ]  Checking/Download features and labels locally
2023-06-28 10:27:18,836 [MainThread  ] [INFO ]  Pre-compute clips
2023-06-28 10:27:46,597 [MainThread  ] [INFO ]  Checking/Download features and labels locally
2023-06-28 10:27:46,881 [MainThread  ] [INFO ]  Pre-compute clips
2023-06-28 10:27:58,616 [MainThread  ] [INFO ]  Checking/Download features and labels locally
2023-06-28 10:27:58,977 [MainThread  ] [INFO ]  Pre-compute clips
2023-06-28 10:28:11,259 [MainThread  ] [INFO ]  Checking/Download features and labels locally
2023-06-28 10:28:18,658 [MainThread  ] [INFO ]  Model(
  (pool_layer_before): NetVLAD()
  (pool_layer_after): NetVLAD()
  (fc): Linear(in_features=32768, out_features=18, bias=True)
  (drop): Dropout(p=0.4, inplace=False)
  (sigm): Sigmoid()
)
2023-06-28 10:28:18,660 [MainThread  ] [INFO ]  Total number of parameters: 655378
2023-06-28 10:28:18,662 [MainThread  ] [INFO ]  start training
2023-06-28 10:31:16,515 [MainThread  ] [INFO ]  Validation performance at epoch 11 -> 0.3335255974443864
2023-06-28 10:33:58,770 [MainThread  ] [INFO ]  Validation performance at epoch 21 -> 0.3785044834444045
2023-06-28 10:36:41,384 [MainThread  ] [INFO ]  Validation performance at epoch 31 -> 0.39931146761529696
2023-06-28 10:39:21,883 [MainThread  ] [INFO ]  Validation performance at epoch 41 -> 0.4110434244689486
2023-06-28 10:41:57,158 [MainThread  ] [INFO ]  Validation performance at epoch 51 -> 0.4184339297637264
