2023-06-28 11:49:01,482 [MainThread  ] [INFO ]  Starting main function
2023-06-28 11:49:01,482 [MainThread  ] [INFO ]  Parameters:
2023-06-28 11:49:01,482 [MainThread  ] [INFO ]   SoccerNet_path : ../../Data/
2023-06-28 11:49:01,482 [MainThread  ] [INFO ]         features : ResNET_TF2_PCA512.npy
2023-06-28 11:49:01,483 [MainThread  ] [INFO ]       max_epochs : 500
2023-06-28 11:49:01,483 [MainThread  ] [INFO ]     load_weights : None
2023-06-28 11:49:01,483 [MainThread  ] [INFO ]       model_name : TCA_t40_th0.0
2023-06-28 11:49:01,483 [MainThread  ] [INFO ]        test_only : False
2023-06-28 11:49:01,483 [MainThread  ] [INFO ]      split_train : ['train']
2023-06-28 11:49:01,483 [MainThread  ] [INFO ]      split_valid : ['valid']
2023-06-28 11:49:01,483 [MainThread  ] [INFO ]       split_test : ['test']
2023-06-28 11:49:01,483 [MainThread  ] [INFO ]          version : 2
2023-06-28 11:49:01,483 [MainThread  ] [INFO ]      feature_dim : None
2023-06-28 11:49:01,483 [MainThread  ] [INFO ]  evaluation_frequency : 10
2023-06-28 11:49:01,484 [MainThread  ] [INFO ]        framerate : 2
2023-06-28 11:49:01,484 [MainThread  ] [INFO ]      window_size : 20
2023-06-28 11:49:01,484 [MainThread  ] [INFO ]             pool : TCA
2023-06-28 11:49:01,484 [MainThread  ] [INFO ]     vlad_cluster : 64
2023-06-28 11:49:01,484 [MainThread  ] [INFO ]       NMS_window : 40
2023-06-28 11:49:01,484 [MainThread  ] [INFO ]    NMS_threshold : 0.0
2023-06-28 11:49:01,484 [MainThread  ] [INFO ]       batch_size : 256
2023-06-28 11:49:01,484 [MainThread  ] [INFO ]               LR : 0.001
2023-06-28 11:49:01,485 [MainThread  ] [INFO ]              LRe : 1e-06
2023-06-28 11:49:01,485 [MainThread  ] [INFO ]         patience : 10
2023-06-28 11:49:01,485 [MainThread  ] [INFO ]              GPU : 3
2023-06-28 11:49:01,485 [MainThread  ] [INFO ]   max_num_worker : 4
2023-06-28 11:49:01,485 [MainThread  ] [INFO ]             seed : 0
2023-06-28 11:49:01,485 [MainThread  ] [INFO ]         loglevel : INFO
2023-06-28 11:49:01,487 [MainThread  ] [INFO ]  Checking/Download features and labels locally
2023-06-28 11:49:02,573 [MainThread  ] [INFO ]  Pre-compute clips
2023-06-28 11:49:28,866 [MainThread  ] [INFO ]  Checking/Download features and labels locally
2023-06-28 11:49:29,232 [MainThread  ] [INFO ]  Pre-compute clips
2023-06-28 11:49:36,443 [MainThread  ] [INFO ]  Checking/Download features and labels locally
2023-06-28 11:49:36,744 [MainThread  ] [INFO ]  Pre-compute clips
2023-06-28 11:50:06,024 [MainThread  ] [INFO ]  Checking/Download features and labels locally
2023-06-28 11:50:13,016 [MainThread  ] [INFO ]  Model(
  (pool_layer_before): NetVLAD()
  (pool_layer_after): NetVLAD()
  (fc): Linear(in_features=32768, out_features=18, bias=True)
  (drop): Dropout(p=0.4, inplace=False)
  (sigm): Sigmoid()
)
2023-06-28 11:50:13,017 [MainThread  ] [INFO ]  Total number of parameters: 655378
2023-06-28 11:50:13,018 [MainThread  ] [INFO ]  start training
2023-06-28 11:53:12,283 [MainThread  ] [INFO ]  Validation performance at epoch 11 -> 0.3335255974443864
2023-06-28 11:55:47,717 [MainThread  ] [INFO ]  Validation performance at epoch 21 -> 0.3785044834444045
2023-06-28 11:58:23,662 [MainThread  ] [INFO ]  Validation performance at epoch 31 -> 0.39931146761529696
2023-06-28 12:00:57,949 [MainThread  ] [INFO ]  Validation performance at epoch 41 -> 0.4110434244689486
2023-06-28 12:03:33,798 [MainThread  ] [INFO ]  Validation performance at epoch 51 -> 0.4184339297637264
2023-06-28 12:06:10,253 [MainThread  ] [INFO ]  Validation performance at epoch 61 -> 0.421947623336579
2023-06-28 12:08:44,349 [MainThread  ] [INFO ]  Validation performance at epoch 71 -> 0.4266731848519271
2023-06-28 12:08:58,880 [MainThread  ] [INFO ]  Plateau Reached!
2023-06-28 12:11:17,838 [MainThread  ] [INFO ]  Validation performance at epoch 81 -> 0.4272273154351355
2023-06-28 12:12:18,052 [MainThread  ] [INFO ]  Plateau Reached!
2023-06-28 12:13:52,047 [MainThread  ] [INFO ]  Validation performance at epoch 91 -> 0.4277821892598555
2023-06-28 12:15:05,932 [MainThread  ] [INFO ]  Plateau Reached!
2023-06-28 12:16:25,453 [MainThread  ] [INFO ]  Validation performance at epoch 101 -> 0.4280942200746838
2023-06-28 12:17:58,622 [MainThread  ] [INFO ]  Plateau Reached!
2023-06-28 12:19:06,144 [MainThread  ] [INFO ]  Validation performance at epoch 111 -> 0.4280819598685051
2023-06-28 12:20:52,748 [MainThread  ] [INFO ]  Plateau Reached!
2023-06-28 12:21:43,832 [MainThread  ] [INFO ]  Validation performance at epoch 121 -> 0.4280828245721177
2023-06-28 12:23:32,671 [MainThread  ] [INFO ]  Plateau Reached and no more reduction -> Exiting Loop
2023-06-28 12:23:32,824 [MainThread  ] [INFO ]  Checking/Download features and labels locally
2023-06-28 12:27:47,172 [MainThread  ] [INFO ]  Best Performance at end of training 
2023-06-28 12:27:47,173 [MainThread  ] [INFO ]  a_mAP visibility all: 0.5168285224511847
2023-06-28 12:27:47,173 [MainThread  ] [INFO ]  a_mAP visibility all per class: [0.7067123141989721, 0.6113503286624689, 0.7052446905924299, 0.6936889133431756, 0.397343603574245, 0.37991321932807565, 0.3761393309896309, 0.5611449265113659, 0.6651033844056273, 0.6232734659883841, 0.6257441015586903, 0.4351153914732159, 0.5615829641628362, 0.7753926513408914, 0.49786483143747007, 0.15986207093310087, 0.010608693169558652]
2023-06-28 12:27:47,174 [MainThread  ] [INFO ]  a_mAP visibility visible: 0.5592454702840378
2023-06-28 12:27:47,174 [MainThread  ] [INFO ]  a_mAP visibility visible per class: [0.8051936155749391, 0.6915751571038921, 0.7158073391316938, 0.760008108813939, 0.4280164987124093, 0.382846949927482, 0.3792164881783304, 0.6644993648477556, 0.6673448143633905, 0.6512971525766219, 0.6292650055907164, 0.3980290888933999, 0.6426639467737879, 0.7814092478278685, 0.5391729879128927, 0.30263374061615916, 0.06819348798336504]
2023-06-28 12:27:47,175 [MainThread  ] [INFO ]  a_mAP visibility unshown: 0.3493759081656933
2023-06-28 12:27:47,176 [MainThread  ] [INFO ]  a_mAP visibility unshown per class: [0.0, 0.573049510368569, 0.0, 0.3243200288434187, 0.20668616041673823, 0.02859408033826638, 0.002616064599535674, 0.462271859198035, 0.6141428313982148, 0.5473861434941608, 0.4270438491895449, 0.4910823980711747, 0.03285840434215011, 0.7553756697484396, 0.07645980614576481, 0.0, 0.0]
2023-06-28 12:27:47,177 [MainThread  ] [INFO ]  Total Execution Time is 2325.6947474479675 seconds
