2023-07-05 21:25:19,863 [MainThread  ] [INFO ]  Starting main function
2023-07-05 21:25:19,863 [MainThread  ] [INFO ]  Parameters:
2023-07-05 21:25:19,863 [MainThread  ] [INFO ]       video_path : /Users/ibnuhafizh/Documents/ITB/TA/test/PersibPersija110123.mp4
2023-07-05 21:25:19,863 [MainThread  ] [INFO ]         features : ResNET_TF2_PCA512.npy
2023-07-05 21:25:19,863 [MainThread  ] [INFO ]       max_epochs : 1000
2023-07-05 21:25:19,863 [MainThread  ] [INFO ]     load_weights : None
2023-07-05 21:25:19,863 [MainThread  ] [INFO ]       model_name : TCA_T20_K64
2023-07-05 21:25:19,863 [MainThread  ] [INFO ]        test_only : False
2023-07-05 21:25:19,863 [MainThread  ] [INFO ]      split_train : ['train']
2023-07-05 21:25:19,863 [MainThread  ] [INFO ]      split_valid : ['valid']
2023-07-05 21:25:19,863 [MainThread  ] [INFO ]       split_test : ['test']
2023-07-05 21:25:19,863 [MainThread  ] [INFO ]          version : 2
2023-07-05 21:25:19,864 [MainThread  ] [INFO ]      feature_dim : None
2023-07-05 21:25:19,864 [MainThread  ] [INFO ]  evaluation_frequency : 10
2023-07-05 21:25:19,864 [MainThread  ] [INFO ]        framerate : 2
2023-07-05 21:25:19,864 [MainThread  ] [INFO ]      window_size : 20
2023-07-05 21:25:19,864 [MainThread  ] [INFO ]             pool : TCA
2023-07-05 21:25:19,864 [MainThread  ] [INFO ]     vlad_cluster : 64
2023-07-05 21:25:19,864 [MainThread  ] [INFO ]       NMS_window : 30
2023-07-05 21:25:19,864 [MainThread  ] [INFO ]    NMS_threshold : 0.0
2023-07-05 21:25:19,864 [MainThread  ] [INFO ]       batch_size : 256
2023-07-05 21:25:19,864 [MainThread  ] [INFO ]               LR : 0.001
2023-07-05 21:25:19,864 [MainThread  ] [INFO ]              LRe : 1e-06
2023-07-05 21:25:19,864 [MainThread  ] [INFO ]         patience : 10
2023-07-05 21:25:19,864 [MainThread  ] [INFO ]              GPU : 3
2023-07-05 21:25:19,864 [MainThread  ] [INFO ]   max_num_worker : 4
2023-07-05 21:25:19,864 [MainThread  ] [INFO ]             seed : 0
2023-07-05 21:25:19,864 [MainThread  ] [INFO ]         loglevel : INFO
2023-07-05 21:25:20,059 [MainThread  ] [INFO ]  Model(
  (pool_layer_before): NetVLAD()
  (pool_layer_after): NetVLAD()
  (fc): Linear(in_features=32768, out_features=18, bias=True)
  (drop): Dropout(p=0.4, inplace=False)
  (sigm): Sigmoid()
)
2023-07-05 21:25:20,059 [MainThread  ] [INFO ]  Total number of parameters: 655378
