2023-06-16 11:52:43,529 [MainThread  ] [INFO ]  Starting main function
2023-06-16 11:52:43,529 [MainThread  ] [INFO ]  Parameters:
2023-06-16 11:52:43,529 [MainThread  ] [INFO ]   SoccerNet_path : ../../Data/
2023-06-16 11:52:43,529 [MainThread  ] [INFO ]         features : ResNET_TF2_PCA512.npy
2023-06-16 11:52:43,529 [MainThread  ] [INFO ]       max_epochs : 500
2023-06-16 11:52:43,529 [MainThread  ] [INFO ]     load_weights : None
2023-06-16 11:52:43,529 [MainThread  ] [INFO ]       model_name : TCA_T60_K32
2023-06-16 11:52:43,529 [MainThread  ] [INFO ]        test_only : False
2023-06-16 11:52:43,529 [MainThread  ] [INFO ]      split_train : ['train']
2023-06-16 11:52:43,529 [MainThread  ] [INFO ]      split_valid : ['valid']
2023-06-16 11:52:43,530 [MainThread  ] [INFO ]       split_test : ['test']
2023-06-16 11:52:43,530 [MainThread  ] [INFO ]          version : 2
2023-06-16 11:52:43,530 [MainThread  ] [INFO ]      feature_dim : None
2023-06-16 11:52:43,530 [MainThread  ] [INFO ]  evaluation_frequency : 10
2023-06-16 11:52:43,530 [MainThread  ] [INFO ]        framerate : 2
2023-06-16 11:52:43,530 [MainThread  ] [INFO ]      window_size : 60
2023-06-16 11:52:43,530 [MainThread  ] [INFO ]             pool : TCA
2023-06-16 11:52:43,530 [MainThread  ] [INFO ]     vlad_cluster : 32
2023-06-16 11:52:43,530 [MainThread  ] [INFO ]       NMS_window : 30
2023-06-16 11:52:43,530 [MainThread  ] [INFO ]    NMS_threshold : 0.0
2023-06-16 11:52:43,530 [MainThread  ] [INFO ]       batch_size : 256
2023-06-16 11:52:43,530 [MainThread  ] [INFO ]               LR : 0.001
2023-06-16 11:52:43,530 [MainThread  ] [INFO ]              LRe : 1e-06
2023-06-16 11:52:43,530 [MainThread  ] [INFO ]         patience : 10
2023-06-16 11:52:43,530 [MainThread  ] [INFO ]              GPU : 3
2023-06-16 11:52:43,530 [MainThread  ] [INFO ]   max_num_worker : 4
2023-06-16 11:52:43,530 [MainThread  ] [INFO ]             seed : 0
2023-06-16 11:52:43,530 [MainThread  ] [INFO ]         loglevel : INFO
2023-06-16 11:52:43,531 [MainThread  ] [INFO ]  Checking/Download features and labels locally
2023-06-16 11:52:44,017 [MainThread  ] [INFO ]  Pre-compute clips
2023-06-16 11:52:52,029 [MainThread  ] [INFO ]  Checking/Download features and labels locally
2023-06-16 11:52:52,214 [MainThread  ] [INFO ]  Pre-compute clips
2023-06-16 11:52:55,648 [MainThread  ] [INFO ]  Checking/Download features and labels locally
2023-06-16 11:52:55,805 [MainThread  ] [INFO ]  Pre-compute clips
2023-06-16 11:52:58,537 [MainThread  ] [INFO ]  Checking/Download features and labels locally
2023-06-16 11:53:02,758 [MainThread  ] [INFO ]  Model(
  (pool_layer_before): NetVLAD()
  (pool_layer_after): NetVLAD()
  (fc): Linear(in_features=16384, out_features=18, bias=True)
  (drop): Dropout(p=0.4, inplace=False)
  (sigm): Sigmoid()
)
2023-06-16 11:53:02,759 [MainThread  ] [INFO ]  Total number of parameters: 327698
2023-06-16 11:53:02,760 [MainThread  ] [INFO ]  start training
2023-06-16 11:54:16,334 [MainThread  ] [INFO ]  Validation performance at epoch 11 -> 0.3516853070700448
2023-06-16 11:55:23,948 [MainThread  ] [INFO ]  Validation performance at epoch 21 -> 0.40632203797122735
2023-06-16 11:56:31,205 [MainThread  ] [INFO ]  Validation performance at epoch 31 -> 0.4363950933276755
2023-06-16 11:57:38,662 [MainThread  ] [INFO ]  Validation performance at epoch 41 -> 0.4560147143317626
2023-06-16 11:58:46,207 [MainThread  ] [INFO ]  Validation performance at epoch 51 -> 0.46920993733782546
2023-06-16 11:59:54,132 [MainThread  ] [INFO ]  Validation performance at epoch 61 -> 0.4800569087218128
2023-06-16 12:01:01,686 [MainThread  ] [INFO ]  Validation performance at epoch 71 -> 0.48804033175593253
2023-06-16 12:02:09,234 [MainThread  ] [INFO ]  Validation performance at epoch 81 -> 0.49406854000426687
2023-06-16 12:03:16,320 [MainThread  ] [INFO ]  Validation performance at epoch 91 -> 0.4999593504402178
2023-06-16 12:04:22,957 [MainThread  ] [INFO ]  Validation performance at epoch 101 -> 0.5030786061489774
2023-06-16 12:04:29,231 [MainThread  ] [INFO ]  Plateau Reached!
2023-06-16 12:05:26,899 [MainThread  ] [INFO ]  Validation performance at epoch 111 -> 0.5038171921404762
2023-06-16 12:06:32,960 [MainThread  ] [INFO ]  Validation performance at epoch 121 -> 0.504226760722384
2023-06-16 12:07:39,270 [MainThread  ] [INFO ]  Validation performance at epoch 131 -> 0.5044616382901862
2023-06-16 12:08:32,008 [MainThread  ] [INFO ]  Plateau Reached!
2023-06-16 12:08:47,362 [MainThread  ] [INFO ]  Validation performance at epoch 141 -> 0.5047341376441143
2023-06-16 12:09:46,197 [MainThread  ] [INFO ]  Plateau Reached!
2023-06-16 12:09:54,944 [MainThread  ] [INFO ]  Validation performance at epoch 151 -> 0.5047764221086958
2023-06-16 12:11:03,185 [MainThread  ] [INFO ]  Validation performance at epoch 161 -> 0.5047904921338591
2023-06-16 12:11:03,185 [MainThread  ] [INFO ]  Plateau Reached!
2023-06-16 12:12:10,348 [MainThread  ] [INFO ]  Validation performance at epoch 171 -> 0.504791701637577
2023-06-16 12:12:16,906 [MainThread  ] [INFO ]  Plateau Reached!
2023-06-16 12:13:17,742 [MainThread  ] [INFO ]  Validation performance at epoch 181 -> 0.5047918519041641
2023-06-16 12:13:24,311 [MainThread  ] [INFO ]  Plateau Reached and no more reduction -> Exiting Loop
2023-06-16 12:13:24,357 [MainThread  ] [INFO ]  Checking/Download features and labels locally
2023-06-16 12:20:15,858 [MainThread  ] [INFO ]  Best Performance at end of training 
2023-06-16 12:20:15,859 [MainThread  ] [INFO ]  a_mAP visibility all: 0.32318281911980135
2023-06-16 12:20:15,859 [MainThread  ] [INFO ]  a_mAP visibility all per class: [0.5012148295231714, 0.40724347968977065, 0.4074846481283329, 0.43454193626773174, 0.20000318840395395, 0.24619013040478704, 0.22121396985320646, 0.34510366803129416, 0.4578304694253575, 0.422640576147985, 0.3579569323992449, 0.3132599195764589, 0.3489417708011832, 0.4413802313169723, 0.3399030678580801, 0.03905290655668672, 0.010146200652405468]
2023-06-16 12:20:15,859 [MainThread  ] [INFO ]  a_mAP visibility visible: 0.34952067630283257
2023-06-16 12:20:15,859 [MainThread  ] [INFO ]  a_mAP visibility visible per class: [0.5432522708512709, 0.3899568238135469, 0.41063649991062473, 0.4677659646192364, 0.21565066022547844, 0.24734718595697566, 0.22295649082405442, 0.39257678499136167, 0.4591293672354579, 0.43769694695985967, 0.35968264210968764, 0.30761381723075165, 0.38081342497334913, 0.4491179705123462, 0.3576834847901188, 0.23447695041875402, 0.06549421172528015]
2023-06-16 12:20:15,859 [MainThread  ] [INFO ]  a_mAP visibility unshown: 0.2490884319446807
2023-06-16 12:20:15,859 [MainThread  ] [INFO ]  a_mAP visibility unshown per class: [0.0, 0.42273057282923704, 0.0, 0.25324219412048, 0.1259664065228945, 0.01106951871657754, 0.007567841373494293, 0.3080242402347946, 0.43663471835026646, 0.40187121848709195, 0.37541360477104213, 0.322820117849512, 0.020161744740572682, 0.416700201339137, 0.13594723594574878, 0.0, 0.0]
2023-06-16 12:20:15,860 [MainThread  ] [INFO ]  Total Execution Time is 1652.3307027816772 seconds
