2023-06-16 11:30:56,491 [MainThread  ] [INFO ]  Starting main function
2023-06-16 11:30:56,491 [MainThread  ] [INFO ]  Parameters:
2023-06-16 11:30:56,491 [MainThread  ] [INFO ]   SoccerNet_path : ../../Data/
2023-06-16 11:30:56,492 [MainThread  ] [INFO ]         features : ResNET_TF2_PCA512.npy
2023-06-16 11:30:56,492 [MainThread  ] [INFO ]       max_epochs : 500
2023-06-16 11:30:56,492 [MainThread  ] [INFO ]     load_weights : None
2023-06-16 11:30:56,492 [MainThread  ] [INFO ]       model_name : TCA_T60_K32
2023-06-16 11:30:56,492 [MainThread  ] [INFO ]        test_only : False
2023-06-16 11:30:56,492 [MainThread  ] [INFO ]      split_train : ['train']
2023-06-16 11:30:56,492 [MainThread  ] [INFO ]      split_valid : ['valid']
2023-06-16 11:30:56,492 [MainThread  ] [INFO ]       split_test : ['test']
2023-06-16 11:30:56,492 [MainThread  ] [INFO ]          version : 2
2023-06-16 11:30:56,492 [MainThread  ] [INFO ]      feature_dim : None
2023-06-16 11:30:56,492 [MainThread  ] [INFO ]  evaluation_frequency : 10
2023-06-16 11:30:56,492 [MainThread  ] [INFO ]        framerate : 2
2023-06-16 11:30:56,492 [MainThread  ] [INFO ]      window_size : 60
2023-06-16 11:30:56,492 [MainThread  ] [INFO ]             pool : TCA
2023-06-16 11:30:56,492 [MainThread  ] [INFO ]     vlad_cluster : 32
2023-06-16 11:30:56,492 [MainThread  ] [INFO ]       NMS_window : 30
2023-06-16 11:30:56,492 [MainThread  ] [INFO ]    NMS_threshold : 0.0
2023-06-16 11:30:56,493 [MainThread  ] [INFO ]       batch_size : 256
2023-06-16 11:30:56,493 [MainThread  ] [INFO ]               LR : 0.001
2023-06-16 11:30:56,493 [MainThread  ] [INFO ]              LRe : 1e-06
2023-06-16 11:30:56,493 [MainThread  ] [INFO ]         patience : 10
2023-06-16 11:30:56,493 [MainThread  ] [INFO ]              GPU : 3
2023-06-16 11:30:56,493 [MainThread  ] [INFO ]   max_num_worker : 4
2023-06-16 11:30:56,493 [MainThread  ] [INFO ]             seed : 0
2023-06-16 11:30:56,493 [MainThread  ] [INFO ]         loglevel : INFO
2023-06-16 11:30:56,494 [MainThread  ] [INFO ]  Checking/Download features and labels locally
2023-06-16 11:30:57,016 [MainThread  ] [INFO ]  Pre-compute clips
2023-06-16 11:31:10,262 [MainThread  ] [INFO ]  Checking/Download features and labels locally
2023-06-16 11:31:10,422 [MainThread  ] [INFO ]  Pre-compute clips
2023-06-16 11:31:12,925 [MainThread  ] [INFO ]  Checking/Download features and labels locally
2023-06-16 11:31:13,102 [MainThread  ] [INFO ]  Pre-compute clips
2023-06-16 11:31:15,536 [MainThread  ] [INFO ]  Checking/Download features and labels locally
2023-06-16 11:31:19,293 [MainThread  ] [INFO ]  Model(
  (pool_layer_before): NetVLAD()
  (pool_layer_after): NetVLAD()
  (fc): Linear(in_features=16384, out_features=18, bias=True)
  (drop): Dropout(p=0.4, inplace=False)
  (sigm): Sigmoid()
)
2023-06-16 11:31:19,293 [MainThread  ] [INFO ]  Total number of parameters: 327698
2023-06-16 11:31:19,295 [MainThread  ] [INFO ]  start training
2023-06-16 11:32:28,629 [MainThread  ] [INFO ]  Validation performance at epoch 11 -> 0.3516853070700448
2023-06-16 11:33:29,234 [MainThread  ] [INFO ]  Validation performance at epoch 21 -> 0.40632203797122735
2023-06-16 11:34:29,671 [MainThread  ] [INFO ]  Validation performance at epoch 31 -> 0.4363950933276755
2023-06-16 11:35:29,382 [MainThread  ] [INFO ]  Validation performance at epoch 41 -> 0.4560147143317626
