2023-06-28 15:48:44,598 [MainThread  ] [INFO ]  Starting main function
2023-06-28 15:48:44,598 [MainThread  ] [INFO ]  Parameters:
2023-06-28 15:48:44,598 [MainThread  ] [INFO ]   SoccerNet_path : ../../Data/
2023-06-28 15:48:44,598 [MainThread  ] [INFO ]         features : ResNET_TF2_PCA512.npy
2023-06-28 15:48:44,598 [MainThread  ] [INFO ]       max_epochs : 500
2023-06-28 15:48:44,599 [MainThread  ] [INFO ]     load_weights : None
2023-06-28 15:48:44,599 [MainThread  ] [INFO ]       model_name : TCA_t50_th0.7
2023-06-28 15:48:44,599 [MainThread  ] [INFO ]        test_only : False
2023-06-28 15:48:44,599 [MainThread  ] [INFO ]      split_train : ['train']
2023-06-28 15:48:44,599 [MainThread  ] [INFO ]      split_valid : ['valid']
2023-06-28 15:48:44,599 [MainThread  ] [INFO ]       split_test : ['test']
2023-06-28 15:48:44,599 [MainThread  ] [INFO ]          version : 2
2023-06-28 15:48:44,599 [MainThread  ] [INFO ]      feature_dim : None
2023-06-28 15:48:44,599 [MainThread  ] [INFO ]  evaluation_frequency : 10
2023-06-28 15:48:44,600 [MainThread  ] [INFO ]        framerate : 2
2023-06-28 15:48:44,600 [MainThread  ] [INFO ]      window_size : 20
2023-06-28 15:48:44,600 [MainThread  ] [INFO ]             pool : TCA
2023-06-28 15:48:44,600 [MainThread  ] [INFO ]     vlad_cluster : 64
2023-06-28 15:48:44,600 [MainThread  ] [INFO ]       NMS_window : 50
2023-06-28 15:48:44,600 [MainThread  ] [INFO ]    NMS_threshold : 0.7
2023-06-28 15:48:44,600 [MainThread  ] [INFO ]       batch_size : 256
2023-06-28 15:48:44,600 [MainThread  ] [INFO ]               LR : 0.001
2023-06-28 15:48:44,600 [MainThread  ] [INFO ]              LRe : 1e-06
2023-06-28 15:48:44,600 [MainThread  ] [INFO ]         patience : 10
2023-06-28 15:48:44,601 [MainThread  ] [INFO ]              GPU : 3
2023-06-28 15:48:44,601 [MainThread  ] [INFO ]   max_num_worker : 4
2023-06-28 15:48:44,601 [MainThread  ] [INFO ]             seed : 0
2023-06-28 15:48:44,601 [MainThread  ] [INFO ]         loglevel : INFO
2023-06-28 15:48:44,602 [MainThread  ] [INFO ]  Checking/Download features and labels locally
2023-06-28 15:48:45,484 [MainThread  ] [INFO ]  Pre-compute clips
2023-06-28 15:49:22,115 [MainThread  ] [INFO ]  Checking/Download features and labels locally
2023-06-28 15:49:22,390 [MainThread  ] [INFO ]  Pre-compute clips
2023-06-28 15:49:32,110 [MainThread  ] [INFO ]  Checking/Download features and labels locally
2023-06-28 15:49:32,393 [MainThread  ] [INFO ]  Pre-compute clips
2023-06-28 15:49:41,914 [MainThread  ] [INFO ]  Checking/Download features and labels locally
2023-06-28 15:49:47,889 [MainThread  ] [INFO ]  Model(
  (pool_layer_before): NetVLAD()
  (pool_layer_after): NetVLAD()
  (fc): Linear(in_features=32768, out_features=18, bias=True)
  (drop): Dropout(p=0.4, inplace=False)
  (sigm): Sigmoid()
)
2023-06-28 15:49:47,890 [MainThread  ] [INFO ]  Total number of parameters: 655378
2023-06-28 15:49:47,891 [MainThread  ] [INFO ]  start training
2023-06-28 15:52:14,736 [MainThread  ] [INFO ]  Validation performance at epoch 11 -> 0.3335255974443864
2023-06-28 15:54:28,812 [MainThread  ] [INFO ]  Validation performance at epoch 21 -> 0.3785044834444045
2023-06-28 15:56:42,672 [MainThread  ] [INFO ]  Validation performance at epoch 31 -> 0.39931146761529696
2023-06-28 15:58:55,738 [MainThread  ] [INFO ]  Validation performance at epoch 41 -> 0.4110434244689486
2023-06-28 16:01:06,555 [MainThread  ] [INFO ]  Validation performance at epoch 51 -> 0.4184339297637264
2023-06-28 16:03:17,303 [MainThread  ] [INFO ]  Validation performance at epoch 61 -> 0.421947623336579
2023-06-28 16:05:27,737 [MainThread  ] [INFO ]  Validation performance at epoch 71 -> 0.4266731848519271
2023-06-28 16:05:40,324 [MainThread  ] [INFO ]  Plateau Reached!
2023-06-28 16:07:34,959 [MainThread  ] [INFO ]  Validation performance at epoch 81 -> 0.4272273154351355
2023-06-28 16:08:25,348 [MainThread  ] [INFO ]  Plateau Reached!
2023-06-28 16:09:47,268 [MainThread  ] [INFO ]  Validation performance at epoch 91 -> 0.4277821892598555
2023-06-28 16:10:50,419 [MainThread  ] [INFO ]  Plateau Reached!
2023-06-28 16:11:56,036 [MainThread  ] [INFO ]  Validation performance at epoch 101 -> 0.4280942200746838
2023-06-28 16:13:10,879 [MainThread  ] [INFO ]  Plateau Reached!
2023-06-28 16:13:58,031 [MainThread  ] [INFO ]  Validation performance at epoch 111 -> 0.4280819598685051
2023-06-28 16:15:15,812 [MainThread  ] [INFO ]  Plateau Reached!
2023-06-28 16:15:54,531 [MainThread  ] [INFO ]  Validation performance at epoch 121 -> 0.4280828245721177
2023-06-28 16:17:11,138 [MainThread  ] [INFO ]  Plateau Reached and no more reduction -> Exiting Loop
2023-06-28 16:17:11,297 [MainThread  ] [INFO ]  Checking/Download features and labels locally
