2023-06-30 09:07:04,548 [MainThread  ] [INFO ]  Starting main function
2023-06-30 09:07:04,548 [MainThread  ] [INFO ]  Parameters:
2023-06-30 09:07:04,548 [MainThread  ] [INFO ]   SoccerNet_path : ../../Data/
2023-06-30 09:07:04,548 [MainThread  ] [INFO ]         features : ResNET_TF2_PCA512.npy
2023-06-30 09:07:04,548 [MainThread  ] [INFO ]       max_epochs : 500
2023-06-30 09:07:04,548 [MainThread  ] [INFO ]     load_weights : None
2023-06-30 09:07:04,548 [MainThread  ] [INFO ]       model_name : TCA_t50_th0.7
2023-06-30 09:07:04,548 [MainThread  ] [INFO ]        test_only : False
2023-06-30 09:07:04,548 [MainThread  ] [INFO ]      split_train : ['train']
2023-06-30 09:07:04,548 [MainThread  ] [INFO ]      split_valid : ['valid']
2023-06-30 09:07:04,549 [MainThread  ] [INFO ]       split_test : ['test']
2023-06-30 09:07:04,549 [MainThread  ] [INFO ]          version : 2
2023-06-30 09:07:04,549 [MainThread  ] [INFO ]      feature_dim : None
2023-06-30 09:07:04,549 [MainThread  ] [INFO ]  evaluation_frequency : 10
2023-06-30 09:07:04,549 [MainThread  ] [INFO ]        framerate : 2
2023-06-30 09:07:04,549 [MainThread  ] [INFO ]      window_size : 20
2023-06-30 09:07:04,549 [MainThread  ] [INFO ]             pool : TCA
2023-06-30 09:07:04,549 [MainThread  ] [INFO ]     vlad_cluster : 64
2023-06-30 09:07:04,549 [MainThread  ] [INFO ]       NMS_window : 50
2023-06-30 09:07:04,549 [MainThread  ] [INFO ]    NMS_threshold : 0.7
2023-06-30 09:07:04,549 [MainThread  ] [INFO ]       batch_size : 256
2023-06-30 09:07:04,549 [MainThread  ] [INFO ]               LR : 0.001
2023-06-30 09:07:04,550 [MainThread  ] [INFO ]              LRe : 1e-06
2023-06-30 09:07:04,550 [MainThread  ] [INFO ]         patience : 10
2023-06-30 09:07:04,550 [MainThread  ] [INFO ]              GPU : 3
2023-06-30 09:07:04,550 [MainThread  ] [INFO ]   max_num_worker : 4
2023-06-30 09:07:04,550 [MainThread  ] [INFO ]             seed : 0
2023-06-30 09:07:04,550 [MainThread  ] [INFO ]         loglevel : INFO
2023-06-30 09:07:04,551 [MainThread  ] [INFO ]  Checking/Download features and labels locally
2023-06-30 09:07:05,355 [MainThread  ] [INFO ]  Pre-compute clips
2023-06-30 09:07:24,250 [MainThread  ] [INFO ]  Checking/Download features and labels locally
2023-06-30 09:07:24,490 [MainThread  ] [INFO ]  Pre-compute clips
2023-06-30 09:07:29,526 [MainThread  ] [INFO ]  Checking/Download features and labels locally
2023-06-30 09:07:29,766 [MainThread  ] [INFO ]  Pre-compute clips
2023-06-30 09:07:35,602 [MainThread  ] [INFO ]  Checking/Download features and labels locally
2023-06-30 09:07:40,867 [MainThread  ] [INFO ]  Model(
  (pool_layer_before): NetVLAD()
  (pool_layer_after): NetVLAD()
  (fc): Linear(in_features=32768, out_features=18, bias=True)
  (drop): Dropout(p=0.4, inplace=False)
  (sigm): Sigmoid()
)
2023-06-30 09:07:40,869 [MainThread  ] [INFO ]  Total number of parameters: 655378
2023-06-30 09:07:40,870 [MainThread  ] [INFO ]  start training
2023-06-30 09:10:25,647 [MainThread  ] [INFO ]  Validation performance at epoch 11 -> 0.3335255974443864
2023-06-30 09:12:52,327 [MainThread  ] [INFO ]  Validation performance at epoch 21 -> 0.3785044834444045
2023-06-30 09:15:22,670 [MainThread  ] [INFO ]  Validation performance at epoch 31 -> 0.39931146761529696
2023-06-30 09:17:51,935 [MainThread  ] [INFO ]  Validation performance at epoch 41 -> 0.4110434244689486
2023-06-30 09:20:20,774 [MainThread  ] [INFO ]  Validation performance at epoch 51 -> 0.4184339297637264
