2023-06-30 08:29:45,756 [MainThread  ] [INFO ]  Starting main function
2023-06-30 08:29:45,757 [MainThread  ] [INFO ]  Parameters:
2023-06-30 08:29:45,757 [MainThread  ] [INFO ]   SoccerNet_path : ../../Data/
2023-06-30 08:29:45,757 [MainThread  ] [INFO ]         features : ResNET_TF2_PCA512.npy
2023-06-30 08:29:45,757 [MainThread  ] [INFO ]       max_epochs : 500
2023-06-30 08:29:45,757 [MainThread  ] [INFO ]     load_weights : None
2023-06-30 08:29:45,757 [MainThread  ] [INFO ]       model_name : TCA_t30_th0.7
2023-06-30 08:29:45,757 [MainThread  ] [INFO ]        test_only : False
2023-06-30 08:29:45,757 [MainThread  ] [INFO ]      split_train : ['train']
2023-06-30 08:29:45,757 [MainThread  ] [INFO ]      split_valid : ['valid']
2023-06-30 08:29:45,757 [MainThread  ] [INFO ]       split_test : ['test']
2023-06-30 08:29:45,757 [MainThread  ] [INFO ]          version : 2
2023-06-30 08:29:45,757 [MainThread  ] [INFO ]      feature_dim : None
2023-06-30 08:29:45,758 [MainThread  ] [INFO ]  evaluation_frequency : 10
2023-06-30 08:29:45,758 [MainThread  ] [INFO ]        framerate : 2
2023-06-30 08:29:45,758 [MainThread  ] [INFO ]      window_size : 20
2023-06-30 08:29:45,758 [MainThread  ] [INFO ]             pool : TCA
2023-06-30 08:29:45,758 [MainThread  ] [INFO ]     vlad_cluster : 64
2023-06-30 08:29:45,758 [MainThread  ] [INFO ]       NMS_window : 30
2023-06-30 08:29:45,758 [MainThread  ] [INFO ]    NMS_threshold : 0.7
2023-06-30 08:29:45,758 [MainThread  ] [INFO ]       batch_size : 256
2023-06-30 08:29:45,758 [MainThread  ] [INFO ]               LR : 0.001
2023-06-30 08:29:45,758 [MainThread  ] [INFO ]              LRe : 1e-06
2023-06-30 08:29:45,758 [MainThread  ] [INFO ]         patience : 10
2023-06-30 08:29:45,758 [MainThread  ] [INFO ]              GPU : 3
2023-06-30 08:29:45,759 [MainThread  ] [INFO ]   max_num_worker : 4
2023-06-30 08:29:45,759 [MainThread  ] [INFO ]             seed : 0
2023-06-30 08:29:45,759 [MainThread  ] [INFO ]         loglevel : INFO
2023-06-30 08:29:45,760 [MainThread  ] [INFO ]  Checking/Download features and labels locally
2023-06-30 08:29:46,659 [MainThread  ] [INFO ]  Pre-compute clips
2023-06-30 08:30:04,055 [MainThread  ] [INFO ]  Checking/Download features and labels locally
2023-06-30 08:30:04,347 [MainThread  ] [INFO ]  Pre-compute clips
2023-06-30 08:30:08,725 [MainThread  ] [INFO ]  Checking/Download features and labels locally
2023-06-30 08:30:09,036 [MainThread  ] [INFO ]  Pre-compute clips
2023-06-30 08:30:15,342 [MainThread  ] [INFO ]  Checking/Download features and labels locally
2023-06-30 08:30:20,604 [MainThread  ] [INFO ]  Model(
  (pool_layer_before): NetVLAD()
  (pool_layer_after): NetVLAD()
  (fc): Linear(in_features=32768, out_features=18, bias=True)
  (drop): Dropout(p=0.4, inplace=False)
  (sigm): Sigmoid()
)
2023-06-30 08:30:20,604 [MainThread  ] [INFO ]  Total number of parameters: 655378
2023-06-30 08:30:20,605 [MainThread  ] [INFO ]  start training
2023-06-30 08:33:07,643 [MainThread  ] [INFO ]  Validation performance at epoch 11 -> 0.3335255974443864
2023-06-30 08:35:39,710 [MainThread  ] [INFO ]  Validation performance at epoch 21 -> 0.3785044834444045
2023-06-30 08:38:04,506 [MainThread  ] [INFO ]  Validation performance at epoch 31 -> 0.39931146761529696
2023-06-30 08:40:39,229 [MainThread  ] [INFO ]  Validation performance at epoch 41 -> 0.4110434244689486
2023-06-30 08:43:12,927 [MainThread  ] [INFO ]  Validation performance at epoch 51 -> 0.4184339297637264
2023-06-30 08:45:45,945 [MainThread  ] [INFO ]  Validation performance at epoch 61 -> 0.421947623336579
2023-06-30 08:48:16,710 [MainThread  ] [INFO ]  Validation performance at epoch 71 -> 0.4266731848519271
2023-06-30 08:48:31,315 [MainThread  ] [INFO ]  Plateau Reached!
2023-06-30 08:50:50,001 [MainThread  ] [INFO ]  Validation performance at epoch 81 -> 0.4272273154351355
2023-06-30 08:51:49,890 [MainThread  ] [INFO ]  Plateau Reached!
2023-06-30 08:53:22,915 [MainThread  ] [INFO ]  Validation performance at epoch 91 -> 0.4277821892598555
2023-06-30 08:54:37,637 [MainThread  ] [INFO ]  Plateau Reached!
2023-06-30 08:55:55,609 [MainThread  ] [INFO ]  Validation performance at epoch 101 -> 0.4280942200746838
2023-06-30 08:57:25,255 [MainThread  ] [INFO ]  Plateau Reached!
2023-06-30 08:58:30,049 [MainThread  ] [INFO ]  Validation performance at epoch 111 -> 0.4280819598685051
2023-06-30 09:00:15,472 [MainThread  ] [INFO ]  Plateau Reached!
2023-06-30 09:01:04,678 [MainThread  ] [INFO ]  Validation performance at epoch 121 -> 0.4280828245721177
2023-06-30 09:02:48,685 [MainThread  ] [INFO ]  Plateau Reached and no more reduction -> Exiting Loop
2023-06-30 09:02:48,751 [MainThread  ] [INFO ]  Checking/Download features and labels locally
2023-06-30 09:05:45,491 [MainThread  ] [INFO ]  Best Performance at end of training 
2023-06-30 09:05:45,491 [MainThread  ] [INFO ]  a_mAP visibility all: 0.3289258703549309
2023-06-30 09:05:45,492 [MainThread  ] [INFO ]  a_mAP visibility all per class: [0.4766336624807698, 0.45170447897141064, 0.6110184428936454, 0.5648139900275999, 0.15918953709089104, 0.15100991572458947, 0.13297390496121997, 0.2325077625525578, 0.5026935273289114, 0.4450307751168094, 0.3845355509878469, 0.1406631473315834, 0.34966248349918866, 0.6976132246175198, 0.29168939244928177, 0.0, 0.0]
2023-06-30 09:05:45,492 [MainThread  ] [INFO ]  a_mAP visibility visible: 0.356474195631507
2023-06-30 09:05:45,492 [MainThread  ] [INFO ]  a_mAP visibility visible per class: [0.48512505580417903, 0.5367099325077612, 0.6153431060993408, 0.6093180744239023, 0.15930883763567372, 0.156921446158282, 0.13322769260602554, 0.3878525225079581, 0.5092645902926185, 0.49705300151801524, 0.38511212423403723, 0.12837847543724334, 0.3858711775486637, 0.7153125633855123, 0.35526272557640587, 0.0, 0.0]
2023-06-30 09:05:45,492 [MainThread  ] [INFO ]  a_mAP visibility unshown: 0.19722921072990485
2023-06-30 09:05:45,492 [MainThread  ] [INFO ]  a_mAP visibility unshown per class: [0.0, 0.386503731277587, 0.0, 0.22978761555968558, 0.15702479338842978, 0.0, 0.0, 0.14928492105188648, 0.42161408865154876, 0.34097357676237156, 0.1517119244391972, 0.15627601486096962, 0.0, 0.5578160605100738, 0.01298701298701299, 0.0, 0.0]
2023-06-30 09:05:45,493 [MainThread  ] [INFO ]  Total Execution Time is 2159.7362637519836 seconds
