2023-06-15 18:06:54,654 [MainThread  ] [INFO ]  Starting main function
2023-06-15 18:06:54,654 [MainThread  ] [INFO ]  Parameters:
2023-06-15 18:06:54,654 [MainThread  ] [INFO ]   SoccerNet_path : ../../Data/
2023-06-15 18:06:54,654 [MainThread  ] [INFO ]         features : ResNET_TF2_PCA512.npy
2023-06-15 18:06:54,654 [MainThread  ] [INFO ]       max_epochs : 1000
2023-06-15 18:06:54,654 [MainThread  ] [INFO ]     load_weights : None
2023-06-15 18:06:54,654 [MainThread  ] [INFO ]       model_name : TCA_T5_K4
2023-06-15 18:06:54,654 [MainThread  ] [INFO ]        test_only : False
2023-06-15 18:06:54,654 [MainThread  ] [INFO ]      split_train : ['train']
2023-06-15 18:06:54,654 [MainThread  ] [INFO ]      split_valid : ['valid']
2023-06-15 18:06:54,654 [MainThread  ] [INFO ]       split_test : ['test']
2023-06-15 18:06:54,654 [MainThread  ] [INFO ]          version : 2
2023-06-15 18:06:54,655 [MainThread  ] [INFO ]      feature_dim : None
2023-06-15 18:06:54,655 [MainThread  ] [INFO ]  evaluation_frequency : 10
2023-06-15 18:06:54,655 [MainThread  ] [INFO ]        framerate : 2
2023-06-15 18:06:54,655 [MainThread  ] [INFO ]      window_size : 5
2023-06-15 18:06:54,655 [MainThread  ] [INFO ]             pool : TCA
2023-06-15 18:06:54,655 [MainThread  ] [INFO ]     vlad_cluster : 4
2023-06-15 18:06:54,655 [MainThread  ] [INFO ]       NMS_window : 30
2023-06-15 18:06:54,655 [MainThread  ] [INFO ]    NMS_threshold : 0.0
2023-06-15 18:06:54,655 [MainThread  ] [INFO ]       batch_size : 256
2023-06-15 18:06:54,655 [MainThread  ] [INFO ]               LR : 0.001
2023-06-15 18:06:54,655 [MainThread  ] [INFO ]              LRe : 1e-06
2023-06-15 18:06:54,655 [MainThread  ] [INFO ]         patience : 10
2023-06-15 18:06:54,655 [MainThread  ] [INFO ]              GPU : 3
2023-06-15 18:06:54,655 [MainThread  ] [INFO ]   max_num_worker : 4
2023-06-15 18:06:54,655 [MainThread  ] [INFO ]             seed : 0
2023-06-15 18:06:54,655 [MainThread  ] [INFO ]         loglevel : INFO
2023-06-15 18:06:54,656 [MainThread  ] [INFO ]  Checking/Download features and labels locally
2023-06-15 18:06:55,217 [MainThread  ] [INFO ]  Pre-compute clips
2023-06-15 18:07:08,993 [MainThread  ] [INFO ]  Checking/Download features and labels locally
2023-06-15 18:07:09,166 [MainThread  ] [INFO ]  Pre-compute clips
2023-06-15 18:07:13,188 [MainThread  ] [INFO ]  Checking/Download features and labels locally
2023-06-15 18:07:13,394 [MainThread  ] [INFO ]  Pre-compute clips
2023-06-15 18:07:17,097 [MainThread  ] [INFO ]  Checking/Download features and labels locally
2023-06-15 18:07:20,564 [MainThread  ] [INFO ]  Model(
  (pool_layer_before): NetVLAD()
  (pool_layer_after): NetVLAD()
  (fc): Linear(in_features=2048, out_features=18, bias=True)
  (drop): Dropout(p=0.4, inplace=False)
  (sigm): Sigmoid()
)
2023-06-15 18:07:20,565 [MainThread  ] [INFO ]  Total number of parameters: 40978
2023-06-15 18:07:20,566 [MainThread  ] [INFO ]  start training
