2023-06-16 14:52:27,277 [MainThread  ] [INFO ]  Starting main function
2023-06-16 14:52:27,277 [MainThread  ] [INFO ]  Parameters:
2023-06-16 14:52:27,277 [MainThread  ] [INFO ]   SoccerNet_path : ../../Data/
2023-06-16 14:52:27,278 [MainThread  ] [INFO ]         features : ResNET_TF2_PCA512.npy
2023-06-16 14:52:27,278 [MainThread  ] [INFO ]       max_epochs : 500
2023-06-16 14:52:27,278 [MainThread  ] [INFO ]     load_weights : None
2023-06-16 14:52:27,278 [MainThread  ] [INFO ]       model_name : TCA_Original_param
2023-06-16 14:52:27,278 [MainThread  ] [INFO ]        test_only : False
2023-06-16 14:52:27,278 [MainThread  ] [INFO ]      split_train : ['train']
2023-06-16 14:52:27,278 [MainThread  ] [INFO ]      split_valid : ['valid']
2023-06-16 14:52:27,278 [MainThread  ] [INFO ]       split_test : ['test']
2023-06-16 14:52:27,278 [MainThread  ] [INFO ]          version : 2
2023-06-16 14:52:27,278 [MainThread  ] [INFO ]      feature_dim : None
2023-06-16 14:52:27,278 [MainThread  ] [INFO ]  evaluation_frequency : 10
2023-06-16 14:52:27,278 [MainThread  ] [INFO ]        framerate : 2
2023-06-16 14:52:27,278 [MainThread  ] [INFO ]      window_size : 20
2023-06-16 14:52:27,278 [MainThread  ] [INFO ]             pool : TCA
2023-06-16 14:52:27,278 [MainThread  ] [INFO ]     vlad_cluster : 64
2023-06-16 14:52:27,278 [MainThread  ] [INFO ]       NMS_window : 20
2023-06-16 14:52:27,279 [MainThread  ] [INFO ]    NMS_threshold : 0.5
2023-06-16 14:52:27,279 [MainThread  ] [INFO ]       batch_size : 256
2023-06-16 14:52:27,279 [MainThread  ] [INFO ]               LR : 0.001
2023-06-16 14:52:27,279 [MainThread  ] [INFO ]              LRe : 1e-06
2023-06-16 14:52:27,279 [MainThread  ] [INFO ]         patience : 10
2023-06-16 14:52:27,279 [MainThread  ] [INFO ]              GPU : 3
2023-06-16 14:52:27,279 [MainThread  ] [INFO ]   max_num_worker : 4
2023-06-16 14:52:27,279 [MainThread  ] [INFO ]             seed : 0
2023-06-16 14:52:27,279 [MainThread  ] [INFO ]         loglevel : INFO
2023-06-16 14:52:27,280 [MainThread  ] [INFO ]  Checking/Download features and labels locally
2023-06-16 14:52:27,823 [MainThread  ] [INFO ]  Pre-compute clips
2023-06-16 14:52:40,120 [MainThread  ] [INFO ]  Checking/Download features and labels locally
2023-06-16 14:52:40,267 [MainThread  ] [INFO ]  Pre-compute clips
2023-06-16 14:52:42,712 [MainThread  ] [INFO ]  Checking/Download features and labels locally
2023-06-16 14:52:42,856 [MainThread  ] [INFO ]  Pre-compute clips
2023-06-16 14:52:45,266 [MainThread  ] [INFO ]  Checking/Download features and labels locally
2023-06-16 14:52:48,476 [MainThread  ] [INFO ]  Model(
  (pool_layer_before): NetVLAD()
  (pool_layer_after): NetVLAD()
  (fc): Linear(in_features=32768, out_features=18, bias=True)
  (drop): Dropout(p=0.4, inplace=False)
  (sigm): Sigmoid()
)
2023-06-16 14:52:48,477 [MainThread  ] [INFO ]  Total number of parameters: 655378
2023-06-16 14:52:48,478 [MainThread  ] [INFO ]  start training
2023-06-16 14:54:01,150 [MainThread  ] [INFO ]  Validation performance at epoch 11 -> 0.3335255974443864
2023-06-16 14:55:06,953 [MainThread  ] [INFO ]  Validation performance at epoch 21 -> 0.3785044834444045
2023-06-16 14:56:12,351 [MainThread  ] [INFO ]  Validation performance at epoch 31 -> 0.39931146761529696
2023-06-16 14:57:17,268 [MainThread  ] [INFO ]  Validation performance at epoch 41 -> 0.4110434244689486
2023-06-16 14:58:23,044 [MainThread  ] [INFO ]  Validation performance at epoch 51 -> 0.4184339297637264
2023-06-16 14:59:29,115 [MainThread  ] [INFO ]  Validation performance at epoch 61 -> 0.421947623336579
2023-06-16 15:00:34,744 [MainThread  ] [INFO ]  Validation performance at epoch 71 -> 0.4266731848519271
2023-06-16 15:00:40,921 [MainThread  ] [INFO ]  Plateau Reached!
2023-06-16 15:01:41,290 [MainThread  ] [INFO ]  Validation performance at epoch 81 -> 0.4272273154351355
2023-06-16 15:02:06,527 [MainThread  ] [INFO ]  Plateau Reached!
2023-06-16 15:02:45,973 [MainThread  ] [INFO ]  Validation performance at epoch 91 -> 0.4277821892598555
2023-06-16 15:03:17,887 [MainThread  ] [INFO ]  Plateau Reached!
2023-06-16 15:03:50,996 [MainThread  ] [INFO ]  Validation performance at epoch 101 -> 0.4280942200746838
2023-06-16 15:04:29,911 [MainThread  ] [INFO ]  Plateau Reached!
2023-06-16 15:04:56,683 [MainThread  ] [INFO ]  Validation performance at epoch 111 -> 0.4280819598685051
2023-06-16 15:05:41,187 [MainThread  ] [INFO ]  Plateau Reached!
2023-06-16 15:06:01,873 [MainThread  ] [INFO ]  Validation performance at epoch 121 -> 0.4280828245721177
2023-06-16 15:06:46,268 [MainThread  ] [INFO ]  Plateau Reached and no more reduction -> Exiting Loop
2023-06-16 15:06:46,308 [MainThread  ] [INFO ]  Checking/Download features and labels locally
2023-06-16 15:08:42,983 [MainThread  ] [INFO ]  Best Performance at end of training 
2023-06-16 15:08:42,983 [MainThread  ] [INFO ]  a_mAP visibility all: 0.40586491165991184
2023-06-16 15:08:42,983 [MainThread  ] [INFO ]  a_mAP visibility all per class: [0.5485730826427274, 0.5095210114067931, 0.6526287961045569, 0.6001519946145693, 0.22270381073653167, 0.2364081733322059, 0.21158627884066805, 0.39097286549600574, 0.5862350926276958, 0.5047924746615019, 0.5046098957705538, 0.2639124527764118, 0.4439110242557225, 0.7022616529950735, 0.3809390241888886, 0.14049586776859505, 0.0]
2023-06-16 15:08:42,984 [MainThread  ] [INFO ]  a_mAP visibility visible: 0.4313369142798098
2023-06-16 15:08:42,984 [MainThread  ] [INFO ]  a_mAP visibility visible per class: [0.5695813828045234, 0.6082295207646958, 0.659046200185352, 0.6638934834665986, 0.227519457255506, 0.23774349118966429, 0.2126968467991821, 0.5242868336607466, 0.5923941599427427, 0.5380316270866774, 0.5061814605863936, 0.2235681549962985, 0.5060002251898091, 0.7216394925726126, 0.4014193384873678, 0.14049586776859505, 0.0]
2023-06-16 15:08:42,984 [MainThread  ] [INFO ]  a_mAP visibility unshown: 0.260994826398817
2023-06-16 15:08:42,984 [MainThread  ] [INFO ]  a_mAP visibility unshown per class: [0.0, 0.4614510788415586, 0.0, 0.3076138860458799, 0.15702479338842978, 0.0, 0.0, 0.2571943496629465, 0.5163748877202793, 0.43967059064794717, 0.298922138467593, 0.3143712443772079, 0.0, 0.6042953205718002, 0.03601445346097753, 0.0, 0.0]
2023-06-16 15:08:42,984 [MainThread  ] [INFO ]  Total Execution Time is 975.7069184780121 seconds
