2023-06-28 15:18:42,333 [MainThread  ] [INFO ]  Starting main function
2023-06-28 15:18:42,333 [MainThread  ] [INFO ]  Parameters:
2023-06-28 15:18:42,333 [MainThread  ] [INFO ]   SoccerNet_path : ../../Data/
2023-06-28 15:18:42,333 [MainThread  ] [INFO ]         features : ResNET_TF2_PCA512.npy
2023-06-28 15:18:42,333 [MainThread  ] [INFO ]       max_epochs : 500
2023-06-28 15:18:42,333 [MainThread  ] [INFO ]     load_weights : None
2023-06-28 15:18:42,333 [MainThread  ] [INFO ]       model_name : TCA_t50_th0.5
2023-06-28 15:18:42,333 [MainThread  ] [INFO ]        test_only : False
2023-06-28 15:18:42,333 [MainThread  ] [INFO ]      split_train : ['train']
2023-06-28 15:18:42,334 [MainThread  ] [INFO ]      split_valid : ['valid']
2023-06-28 15:18:42,334 [MainThread  ] [INFO ]       split_test : ['test']
2023-06-28 15:18:42,334 [MainThread  ] [INFO ]          version : 2
2023-06-28 15:18:42,334 [MainThread  ] [INFO ]      feature_dim : None
2023-06-28 15:18:42,334 [MainThread  ] [INFO ]  evaluation_frequency : 10
2023-06-28 15:18:42,334 [MainThread  ] [INFO ]        framerate : 2
2023-06-28 15:18:42,334 [MainThread  ] [INFO ]      window_size : 20
2023-06-28 15:18:42,334 [MainThread  ] [INFO ]             pool : TCA
2023-06-28 15:18:42,334 [MainThread  ] [INFO ]     vlad_cluster : 64
2023-06-28 15:18:42,334 [MainThread  ] [INFO ]       NMS_window : 50
2023-06-28 15:18:42,334 [MainThread  ] [INFO ]    NMS_threshold : 0.5
2023-06-28 15:18:42,334 [MainThread  ] [INFO ]       batch_size : 256
2023-06-28 15:18:42,334 [MainThread  ] [INFO ]               LR : 0.001
2023-06-28 15:18:42,334 [MainThread  ] [INFO ]              LRe : 1e-06
2023-06-28 15:18:42,335 [MainThread  ] [INFO ]         patience : 10
2023-06-28 15:18:42,335 [MainThread  ] [INFO ]              GPU : 3
2023-06-28 15:18:42,335 [MainThread  ] [INFO ]   max_num_worker : 4
2023-06-28 15:18:42,335 [MainThread  ] [INFO ]             seed : 0
2023-06-28 15:18:42,335 [MainThread  ] [INFO ]         loglevel : INFO
2023-06-28 15:18:42,336 [MainThread  ] [INFO ]  Checking/Download features and labels locally
2023-06-28 15:18:43,241 [MainThread  ] [INFO ]  Pre-compute clips
2023-06-28 15:19:02,463 [MainThread  ] [INFO ]  Checking/Download features and labels locally
2023-06-28 15:19:02,733 [MainThread  ] [INFO ]  Pre-compute clips
2023-06-28 15:19:14,718 [MainThread  ] [INFO ]  Checking/Download features and labels locally
2023-06-28 15:19:15,041 [MainThread  ] [INFO ]  Pre-compute clips
2023-06-28 15:19:22,908 [MainThread  ] [INFO ]  Checking/Download features and labels locally
2023-06-28 15:19:28,912 [MainThread  ] [INFO ]  Model(
  (pool_layer_before): NetVLAD()
  (pool_layer_after): NetVLAD()
  (fc): Linear(in_features=32768, out_features=18, bias=True)
  (drop): Dropout(p=0.4, inplace=False)
  (sigm): Sigmoid()
)
2023-06-28 15:19:28,913 [MainThread  ] [INFO ]  Total number of parameters: 655378
2023-06-28 15:19:28,915 [MainThread  ] [INFO ]  start training
2023-06-28 15:21:41,434 [MainThread  ] [INFO ]  Validation performance at epoch 11 -> 0.3335255974443864
2023-06-28 15:23:41,344 [MainThread  ] [INFO ]  Validation performance at epoch 21 -> 0.3785044834444045
2023-06-28 15:25:45,376 [MainThread  ] [INFO ]  Validation performance at epoch 31 -> 0.39931146761529696
2023-06-28 15:27:49,044 [MainThread  ] [INFO ]  Validation performance at epoch 41 -> 0.4110434244689486
2023-06-28 15:29:52,017 [MainThread  ] [INFO ]  Validation performance at epoch 51 -> 0.4184339297637264
2023-06-28 15:31:55,716 [MainThread  ] [INFO ]  Validation performance at epoch 61 -> 0.421947623336579
2023-06-28 15:33:58,434 [MainThread  ] [INFO ]  Validation performance at epoch 71 -> 0.4266731848519271
2023-06-28 15:34:10,348 [MainThread  ] [INFO ]  Plateau Reached!
2023-06-28 15:36:01,338 [MainThread  ] [INFO ]  Validation performance at epoch 81 -> 0.4272273154351355
2023-06-28 15:36:49,371 [MainThread  ] [INFO ]  Plateau Reached!
2023-06-28 15:38:04,124 [MainThread  ] [INFO ]  Validation performance at epoch 91 -> 0.4277821892598555
2023-06-28 15:39:03,534 [MainThread  ] [INFO ]  Plateau Reached!
2023-06-28 15:40:06,487 [MainThread  ] [INFO ]  Validation performance at epoch 101 -> 0.4280942200746838
2023-06-28 15:41:21,687 [MainThread  ] [INFO ]  Plateau Reached!
2023-06-28 15:42:11,547 [MainThread  ] [INFO ]  Validation performance at epoch 111 -> 0.4280819598685051
2023-06-28 15:43:33,232 [MainThread  ] [INFO ]  Plateau Reached!
2023-06-28 15:44:13,242 [MainThread  ] [INFO ]  Validation performance at epoch 121 -> 0.4280828245721177
2023-06-28 15:45:36,298 [MainThread  ] [INFO ]  Plateau Reached and no more reduction -> Exiting Loop
2023-06-28 15:45:36,367 [MainThread  ] [INFO ]  Checking/Download features and labels locally
2023-06-28 15:48:39,721 [MainThread  ] [INFO ]  Best Performance at end of training 
2023-06-28 15:48:39,722 [MainThread  ] [INFO ]  a_mAP visibility all: 0.4137812977901783
2023-06-28 15:48:39,722 [MainThread  ] [INFO ]  a_mAP visibility all per class: [0.5676880168815654, 0.5345735409035005, 0.6605222583937124, 0.6010561088216454, 0.2285103212599495, 0.23748615255283054, 0.2152946002208479, 0.4093064904444704, 0.583696806913888, 0.5097632338141506, 0.507529905295851, 0.2648285503824956, 0.4585867212550522, 0.7215048432927492, 0.3934386442317281, 0.14049586776859505, 0.0]
2023-06-28 15:48:39,722 [MainThread  ] [INFO ]  a_mAP visibility visible: 0.4385345619256
2023-06-28 15:48:39,722 [MainThread  ] [INFO ]  a_mAP visibility visible per class: [0.5895000024784715, 0.6486702469952337, 0.6672134615687454, 0.6535811741634368, 0.2340431105279026, 0.23923104956918584, 0.21643106602212037, 0.5505544618370238, 0.5907907746809263, 0.5349429412859193, 0.5087979234521298, 0.21853828769549413, 0.5193297686307912, 0.7243051896800141, 0.4186622263792101, 0.14049586776859505, 0.0]
2023-06-28 15:48:39,722 [MainThread  ] [INFO ]  a_mAP visibility unshown: 0.26006434100146886
2023-06-28 15:48:39,722 [MainThread  ] [INFO ]  a_mAP visibility unshown per class: [0.0, 0.4808916078517411, 0.0, 0.2632207143415946, 0.15702479338842978, 0.0, 0.0, 0.25134623432945696, 0.5176900857383068, 0.40411977643541247, 0.3070994953878409, 0.3195019984235819, 0.0, 0.6400957145494456, 0.0398460125732853, 0.0, 0.0]
2023-06-28 15:48:39,725 [MainThread  ] [INFO ]  Total Execution Time is 1797.392571926117 seconds
