2023-06-30 10:18:18,374 [MainThread  ] [INFO ]  Starting main function
2023-06-30 10:18:18,374 [MainThread  ] [INFO ]  Parameters:
2023-06-30 10:18:18,374 [MainThread  ] [INFO ]       video_path : /Users/ibnuhafizh/Downloads/1_224p.mp4
2023-06-30 10:18:18,374 [MainThread  ] [INFO ]         features : ResNET_TF2_PCA512.npy
2023-06-30 10:18:18,374 [MainThread  ] [INFO ]       max_epochs : 1000
2023-06-30 10:18:18,374 [MainThread  ] [INFO ]     load_weights : None
2023-06-30 10:18:18,374 [MainThread  ] [INFO ]       model_name : TCA
2023-06-30 10:18:18,374 [MainThread  ] [INFO ]        test_only : False
2023-06-30 10:18:18,374 [MainThread  ] [INFO ]     num_features : 512
2023-06-30 10:18:18,374 [MainThread  ] [INFO ]  evaluation_frequency : 20
2023-06-30 10:18:18,374 [MainThread  ] [INFO ]        framerate : 2
2023-06-30 10:18:18,375 [MainThread  ] [INFO ]  loss_weight_detection : 1.0
2023-06-30 10:18:18,375 [MainThread  ] [INFO ]      window_size : 20
2023-06-30 10:18:18,375 [MainThread  ] [INFO ]             pool : NetVLAD++
2023-06-30 10:18:18,375 [MainThread  ] [INFO ]     vlad_cluster : 64
2023-06-30 10:18:18,375 [MainThread  ] [INFO ]       batch_size : 256
2023-06-30 10:18:18,375 [MainThread  ] [INFO ]               LR : 0.001
2023-06-30 10:18:18,375 [MainThread  ] [INFO ]         patience : 25
2023-06-30 10:18:18,375 [MainThread  ] [INFO ]              GPU : -1
2023-06-30 10:18:18,375 [MainThread  ] [INFO ]   max_num_worker : 4
2023-06-30 10:18:18,375 [MainThread  ] [INFO ]         loglevel : INFO
2023-06-30 10:19:21,990 [MainThread  ] [INFO ]  extracting features for video inference/outputs/videoLQ.mkv
2023-06-30 10:19:35,171 [MainThread  ] [INFO ]  frames (5626, 224, 224, 3), fps=1.9999857804068226
2023-06-30 10:21:26,839 [MainThread  ] [INFO ]  features (5626, 2048), fps=1.9999857804068226
2023-06-30 10:21:26,985 [MainThread  ] [WARNI]  /Users/ibnuhafizh/opt/anaconda3/envs/CALF-pytorch/lib/python3.8/site-packages/sklearn/base.py:318: UserWarning: Trying to unpickle estimator PCA from version 0.23.2 when using version 1.2.2. This might lead to breaking code or invalid results. Use at your own risk. For more info please refer to:
https://scikit-learn.org/stable/model_persistence.html#security-maintainability-limitations
  warnings.warn(

2023-06-30 10:21:26,986 [MainThread  ] [INFO ]  reducing features inference/outputs/features.npy
