2023-07-09 10:12:02,465 [MainThread  ] [INFO ]  Starting main function
2023-07-09 10:12:02,465 [MainThread  ] [INFO ]  Parameters:
2023-07-09 10:12:02,465 [MainThread  ] [INFO ]   SoccerNet_path : ../../Data/
2023-07-09 10:12:02,465 [MainThread  ] [INFO ]         features : ResNET_TF2_PCA512.npy
2023-07-09 10:12:02,465 [MainThread  ] [INFO ]       max_epochs : 500
2023-07-09 10:12:02,465 [MainThread  ] [INFO ]     load_weights : None
2023-07-09 10:12:02,465 [MainThread  ] [INFO ]       model_name : TCA_t30_th0.1
2023-07-09 10:12:02,465 [MainThread  ] [INFO ]        test_only : False
2023-07-09 10:12:02,465 [MainThread  ] [INFO ]      split_train : ['train']
2023-07-09 10:12:02,465 [MainThread  ] [INFO ]      split_valid : ['valid']
2023-07-09 10:12:02,465 [MainThread  ] [INFO ]       split_test : ['test']
2023-07-09 10:12:02,465 [MainThread  ] [INFO ]          version : 2
2023-07-09 10:12:02,466 [MainThread  ] [INFO ]      feature_dim : None
2023-07-09 10:12:02,466 [MainThread  ] [INFO ]  evaluation_frequency : 10
2023-07-09 10:12:02,466 [MainThread  ] [INFO ]        framerate : 2
2023-07-09 10:12:02,466 [MainThread  ] [INFO ]      window_size : 20
2023-07-09 10:12:02,466 [MainThread  ] [INFO ]             pool : TCA
2023-07-09 10:12:02,466 [MainThread  ] [INFO ]     vlad_cluster : 64
2023-07-09 10:12:02,466 [MainThread  ] [INFO ]       NMS_window : 30
2023-07-09 10:12:02,466 [MainThread  ] [INFO ]    NMS_threshold : 0.1
2023-07-09 10:12:02,466 [MainThread  ] [INFO ]       batch_size : 256
2023-07-09 10:12:02,466 [MainThread  ] [INFO ]               LR : 0.001
2023-07-09 10:12:02,466 [MainThread  ] [INFO ]              LRe : 1e-06
2023-07-09 10:12:02,466 [MainThread  ] [INFO ]         patience : 10
2023-07-09 10:12:02,467 [MainThread  ] [INFO ]              GPU : 3
2023-07-09 10:12:02,467 [MainThread  ] [INFO ]   max_num_worker : 4
2023-07-09 10:12:02,467 [MainThread  ] [INFO ]             seed : 0
2023-07-09 10:12:02,467 [MainThread  ] [INFO ]         loglevel : INFO
2023-07-09 10:12:02,468 [MainThread  ] [INFO ]  Checking/Download features and labels locally
2023-07-09 10:12:03,370 [MainThread  ] [INFO ]  Pre-compute clips
2023-07-09 10:12:11,854 [MainThread  ] [INFO ]  Checking/Download features and labels locally
2023-07-09 10:12:12,148 [MainThread  ] [INFO ]  Pre-compute clips
2023-07-09 10:12:15,454 [MainThread  ] [INFO ]  Checking/Download features and labels locally
2023-07-09 10:12:15,743 [MainThread  ] [INFO ]  Pre-compute clips
2023-07-09 10:12:18,739 [MainThread  ] [INFO ]  Checking/Download features and labels locally
2023-07-09 10:12:23,106 [MainThread  ] [INFO ]  Model(
  (pool_layer_before): NetVLAD()
  (pool_layer_after): NetVLAD()
  (fc): Linear(in_features=32768, out_features=18, bias=True)
  (drop): Dropout(p=0.4, inplace=False)
  (sigm): Sigmoid()
)
2023-07-09 10:12:23,107 [MainThread  ] [INFO ]  Total number of parameters: 655378
2023-07-09 10:12:23,108 [MainThread  ] [INFO ]  start training
