2023-07-09 10:06:42,334 [MainThread  ] [INFO ]  Starting main function
2023-07-09 10:06:42,334 [MainThread  ] [INFO ]  Parameters:
2023-07-09 10:06:42,334 [MainThread  ] [INFO ]   SoccerNet_path : ../../Data/
2023-07-09 10:06:42,334 [MainThread  ] [INFO ]         features : ResNET_TF2_PCA512.npy
2023-07-09 10:06:42,334 [MainThread  ] [INFO ]       max_epochs : 500
2023-07-09 10:06:42,335 [MainThread  ] [INFO ]     load_weights : None
2023-07-09 10:06:42,335 [MainThread  ] [INFO ]       model_name : TCA_t30_th0.1
2023-07-09 10:06:42,335 [MainThread  ] [INFO ]        test_only : False
2023-07-09 10:06:42,335 [MainThread  ] [INFO ]      split_train : ['train']
2023-07-09 10:06:42,335 [MainThread  ] [INFO ]      split_valid : ['valid']
2023-07-09 10:06:42,335 [MainThread  ] [INFO ]       split_test : ['test']
2023-07-09 10:06:42,335 [MainThread  ] [INFO ]          version : 2
2023-07-09 10:06:42,335 [MainThread  ] [INFO ]      feature_dim : None
2023-07-09 10:06:42,335 [MainThread  ] [INFO ]  evaluation_frequency : 10
2023-07-09 10:06:42,335 [MainThread  ] [INFO ]        framerate : 2
2023-07-09 10:06:42,335 [MainThread  ] [INFO ]      window_size : 20
2023-07-09 10:06:42,335 [MainThread  ] [INFO ]             pool : TCA
2023-07-09 10:06:42,336 [MainThread  ] [INFO ]     vlad_cluster : 64
2023-07-09 10:06:42,336 [MainThread  ] [INFO ]       NMS_window : 30
2023-07-09 10:06:42,336 [MainThread  ] [INFO ]    NMS_threshold : 0.1
2023-07-09 10:06:42,336 [MainThread  ] [INFO ]       batch_size : 256
2023-07-09 10:06:42,336 [MainThread  ] [INFO ]               LR : 0.001
2023-07-09 10:06:42,336 [MainThread  ] [INFO ]              LRe : 1e-06
2023-07-09 10:06:42,336 [MainThread  ] [INFO ]         patience : 10
2023-07-09 10:06:42,336 [MainThread  ] [INFO ]              GPU : 3
2023-07-09 10:06:42,336 [MainThread  ] [INFO ]   max_num_worker : 4
2023-07-09 10:06:42,336 [MainThread  ] [INFO ]             seed : 0
2023-07-09 10:06:42,336 [MainThread  ] [INFO ]         loglevel : INFO
2023-07-09 10:06:42,338 [MainThread  ] [INFO ]  Checking/Download features and labels locally
2023-07-09 10:06:43,311 [MainThread  ] [INFO ]  Pre-compute clips
2023-07-09 10:07:04,507 [MainThread  ] [INFO ]  Checking/Download features and labels locally
2023-07-09 10:07:04,823 [MainThread  ] [INFO ]  Pre-compute clips
2023-07-09 10:07:15,846 [MainThread  ] [INFO ]  Checking/Download features and labels locally
2023-07-09 10:07:16,138 [MainThread  ] [INFO ]  Pre-compute clips
2023-07-09 10:07:19,259 [MainThread  ] [INFO ]  Checking/Download features and labels locally
2023-07-09 10:07:24,191 [MainThread  ] [INFO ]  Model(
  (pool_layer_before): NetVLAD()
  (pool_layer_after): NetVLAD()
  (fc): Linear(in_features=32768, out_features=18, bias=True)
  (drop): Dropout(p=0.4, inplace=False)
  (sigm): Sigmoid()
)
2023-07-09 10:07:24,192 [MainThread  ] [INFO ]  Total number of parameters: 655378
2023-07-09 10:07:24,192 [MainThread  ] [INFO ]  start training
