2023-07-09 10:09:13,735 [MainThread  ] [INFO ]  Starting main function
2023-07-09 10:09:13,736 [MainThread  ] [INFO ]  Parameters:
2023-07-09 10:09:13,736 [MainThread  ] [INFO ]   SoccerNet_path : ../../Data/
2023-07-09 10:09:13,736 [MainThread  ] [INFO ]         features : ResNET_TF2_PCA512.npy
2023-07-09 10:09:13,736 [MainThread  ] [INFO ]       max_epochs : 500
2023-07-09 10:09:13,736 [MainThread  ] [INFO ]     load_weights : None
2023-07-09 10:09:13,736 [MainThread  ] [INFO ]       model_name : TCA_t30_th0.1
2023-07-09 10:09:13,736 [MainThread  ] [INFO ]        test_only : False
2023-07-09 10:09:13,736 [MainThread  ] [INFO ]      split_train : ['train']
2023-07-09 10:09:13,736 [MainThread  ] [INFO ]      split_valid : ['valid']
2023-07-09 10:09:13,736 [MainThread  ] [INFO ]       split_test : ['test']
2023-07-09 10:09:13,736 [MainThread  ] [INFO ]          version : 2
2023-07-09 10:09:13,737 [MainThread  ] [INFO ]      feature_dim : None
2023-07-09 10:09:13,737 [MainThread  ] [INFO ]  evaluation_frequency : 10
2023-07-09 10:09:13,737 [MainThread  ] [INFO ]        framerate : 2
2023-07-09 10:09:13,737 [MainThread  ] [INFO ]      window_size : 20
2023-07-09 10:09:13,737 [MainThread  ] [INFO ]             pool : TCA
2023-07-09 10:09:13,737 [MainThread  ] [INFO ]     vlad_cluster : 64
2023-07-09 10:09:13,737 [MainThread  ] [INFO ]       NMS_window : 30
2023-07-09 10:09:13,737 [MainThread  ] [INFO ]    NMS_threshold : 0.1
2023-07-09 10:09:13,737 [MainThread  ] [INFO ]       batch_size : 256
2023-07-09 10:09:13,737 [MainThread  ] [INFO ]               LR : 0.001
2023-07-09 10:09:13,737 [MainThread  ] [INFO ]              LRe : 1e-06
2023-07-09 10:09:13,737 [MainThread  ] [INFO ]         patience : 10
2023-07-09 10:09:13,738 [MainThread  ] [INFO ]              GPU : 3
2023-07-09 10:09:13,738 [MainThread  ] [INFO ]   max_num_worker : 4
2023-07-09 10:09:13,738 [MainThread  ] [INFO ]             seed : 0
2023-07-09 10:09:13,738 [MainThread  ] [INFO ]         loglevel : INFO
2023-07-09 10:09:13,739 [MainThread  ] [INFO ]  Checking/Download features and labels locally
2023-07-09 10:09:14,640 [MainThread  ] [INFO ]  Pre-compute clips
2023-07-09 10:09:23,554 [MainThread  ] [INFO ]  Checking/Download features and labels locally
2023-07-09 10:09:23,842 [MainThread  ] [INFO ]  Pre-compute clips
2023-07-09 10:09:27,077 [MainThread  ] [INFO ]  Checking/Download features and labels locally
2023-07-09 10:09:27,363 [MainThread  ] [INFO ]  Pre-compute clips
2023-07-09 10:09:29,894 [MainThread  ] [INFO ]  Checking/Download features and labels locally
2023-07-09 10:09:34,077 [MainThread  ] [INFO ]  Model(
  (pool_layer_before): NetVLAD()
  (pool_layer_after): NetVLAD()
  (fc): Linear(in_features=32768, out_features=18, bias=True)
  (drop): Dropout(p=0.4, inplace=False)
  (sigm): Sigmoid()
)
2023-07-09 10:09:34,077 [MainThread  ] [INFO ]  Total number of parameters: 655378
2023-07-09 10:09:34,078 [MainThread  ] [INFO ]  start training
