2023-06-28 11:47:33,226 [MainThread  ] [INFO ]  Starting main function
2023-06-28 11:47:33,226 [MainThread  ] [INFO ]  Parameters:
2023-06-28 11:47:33,226 [MainThread  ] [INFO ]   SoccerNet_path : ../../Data/
2023-06-28 11:47:33,226 [MainThread  ] [INFO ]         features : ResNET_TF2_PCA512.npy
2023-06-28 11:47:33,226 [MainThread  ] [INFO ]       max_epochs : 500
2023-06-28 11:47:33,226 [MainThread  ] [INFO ]     load_weights : None
2023-06-28 11:47:33,226 [MainThread  ] [INFO ]       model_name : TCA_t30_th00
2023-06-28 11:47:33,227 [MainThread  ] [INFO ]        test_only : True
2023-06-28 11:47:33,227 [MainThread  ] [INFO ]      split_train : ['train']
2023-06-28 11:47:33,227 [MainThread  ] [INFO ]      split_valid : ['valid']
2023-06-28 11:47:33,227 [MainThread  ] [INFO ]       split_test : ['test']
2023-06-28 11:47:33,227 [MainThread  ] [INFO ]          version : 2
2023-06-28 11:47:33,227 [MainThread  ] [INFO ]      feature_dim : None
2023-06-28 11:47:33,227 [MainThread  ] [INFO ]  evaluation_frequency : 10
2023-06-28 11:47:33,227 [MainThread  ] [INFO ]        framerate : 2
2023-06-28 11:47:33,227 [MainThread  ] [INFO ]      window_size : 20
2023-06-28 11:47:33,227 [MainThread  ] [INFO ]             pool : TCA
2023-06-28 11:47:33,228 [MainThread  ] [INFO ]     vlad_cluster : 64
2023-06-28 11:47:33,228 [MainThread  ] [INFO ]       NMS_window : 30
2023-06-28 11:47:33,228 [MainThread  ] [INFO ]    NMS_threshold : 0.0
2023-06-28 11:47:33,228 [MainThread  ] [INFO ]       batch_size : 256
2023-06-28 11:47:33,228 [MainThread  ] [INFO ]               LR : 0.001
2023-06-28 11:47:33,228 [MainThread  ] [INFO ]              LRe : 1e-06
2023-06-28 11:47:33,228 [MainThread  ] [INFO ]         patience : 10
2023-06-28 11:47:33,228 [MainThread  ] [INFO ]              GPU : 3
2023-06-28 11:47:33,229 [MainThread  ] [INFO ]   max_num_worker : 4
2023-06-28 11:47:33,229 [MainThread  ] [INFO ]             seed : 0
2023-06-28 11:47:33,229 [MainThread  ] [INFO ]         loglevel : INFO
2023-06-28 11:47:33,229 [MainThread  ] [INFO ]  Checking/Download features and labels locally
2023-06-28 11:47:40,439 [MainThread  ] [INFO ]  Model(
  (pool_layer_before): NetVLAD()
  (pool_layer_after): NetVLAD()
  (fc): Linear(in_features=32768, out_features=18, bias=True)
  (drop): Dropout(p=0.4, inplace=False)
  (sigm): Sigmoid()
)
2023-06-28 11:47:40,440 [MainThread  ] [INFO ]  Total number of parameters: 655378
