2023-06-15 21:47:00,178 [MainThread  ] [INFO ]  Starting main function
2023-06-15 21:47:00,178 [MainThread  ] [INFO ]  Parameters:
2023-06-15 21:47:00,178 [MainThread  ] [INFO ]   SoccerNet_path : ../../Data/
2023-06-15 21:47:00,178 [MainThread  ] [INFO ]         features : ResNET_TF2_PCA512.npy
2023-06-15 21:47:00,178 [MainThread  ] [INFO ]       max_epochs : 500
2023-06-15 21:47:00,178 [MainThread  ] [INFO ]     load_weights : None
2023-06-15 21:47:00,178 [MainThread  ] [INFO ]       model_name : TCA_T10_K32
2023-06-15 21:47:00,178 [MainThread  ] [INFO ]        test_only : False
2023-06-15 21:47:00,178 [MainThread  ] [INFO ]      split_train : ['train']
2023-06-15 21:47:00,178 [MainThread  ] [INFO ]      split_valid : ['valid']
2023-06-15 21:47:00,178 [MainThread  ] [INFO ]       split_test : ['test']
2023-06-15 21:47:00,179 [MainThread  ] [INFO ]          version : 2
2023-06-15 21:47:00,179 [MainThread  ] [INFO ]      feature_dim : None
2023-06-15 21:47:00,179 [MainThread  ] [INFO ]  evaluation_frequency : 10
2023-06-15 21:47:00,179 [MainThread  ] [INFO ]        framerate : 2
2023-06-15 21:47:00,179 [MainThread  ] [INFO ]      window_size : 10
2023-06-15 21:47:00,179 [MainThread  ] [INFO ]             pool : TCA
2023-06-15 21:47:00,179 [MainThread  ] [INFO ]     vlad_cluster : 32
2023-06-15 21:47:00,179 [MainThread  ] [INFO ]       NMS_window : 30
2023-06-15 21:47:00,179 [MainThread  ] [INFO ]    NMS_threshold : 0.0
2023-06-15 21:47:00,179 [MainThread  ] [INFO ]       batch_size : 256
2023-06-15 21:47:00,179 [MainThread  ] [INFO ]               LR : 0.001
2023-06-15 21:47:00,179 [MainThread  ] [INFO ]              LRe : 1e-06
2023-06-15 21:47:00,179 [MainThread  ] [INFO ]         patience : 10
2023-06-15 21:47:00,179 [MainThread  ] [INFO ]              GPU : 3
2023-06-15 21:47:00,179 [MainThread  ] [INFO ]   max_num_worker : 4
2023-06-15 21:47:00,179 [MainThread  ] [INFO ]             seed : 0
2023-06-15 21:47:00,180 [MainThread  ] [INFO ]         loglevel : INFO
2023-06-15 21:47:00,181 [MainThread  ] [INFO ]  Checking/Download features and labels locally
2023-06-15 21:47:00,720 [MainThread  ] [INFO ]  Pre-compute clips
2023-06-15 21:47:19,925 [MainThread  ] [INFO ]  Checking/Download features and labels locally
2023-06-15 21:47:20,072 [MainThread  ] [INFO ]  Pre-compute clips
2023-06-15 21:47:22,521 [MainThread  ] [INFO ]  Checking/Download features and labels locally
2023-06-15 21:47:22,665 [MainThread  ] [INFO ]  Pre-compute clips
2023-06-15 21:47:25,897 [MainThread  ] [INFO ]  Checking/Download features and labels locally
2023-06-15 21:47:29,118 [MainThread  ] [INFO ]  Model(
  (pool_layer_before): NetVLAD()
  (pool_layer_after): NetVLAD()
  (fc): Linear(in_features=16384, out_features=18, bias=True)
  (drop): Dropout(p=0.4, inplace=False)
  (sigm): Sigmoid()
)
2023-06-15 21:47:29,119 [MainThread  ] [INFO ]  Total number of parameters: 327698
2023-06-15 21:47:29,120 [MainThread  ] [INFO ]  start training
2023-06-15 21:48:59,297 [MainThread  ] [INFO ]  Validation performance at epoch 11 -> 0.27037382004185295
2023-06-15 21:50:17,147 [MainThread  ] [INFO ]  Validation performance at epoch 21 -> 0.30586169989565226
2023-06-15 21:51:35,073 [MainThread  ] [INFO ]  Validation performance at epoch 31 -> 0.322526238203024
2023-06-15 21:52:51,636 [MainThread  ] [INFO ]  Validation performance at epoch 41 -> 0.3307971857187677
2023-06-15 21:54:09,216 [MainThread  ] [INFO ]  Validation performance at epoch 51 -> 0.3351934172297334
